<?xml version="1.0" encoding="UTF-8" ?>
<testsuite tests="6" failures="0" name="base.Person_Test" time="18.439" errors="6" skipped="0">
  <properties>
[...]
</properties>
  <testcase classname="base.Person_Test" name="DeletePersonTest" time="9.144">
    <error message="Index: 0, Size: 0" type="java.lang.IndexOutOfBoundsException">java.lang.IndexOutOfBoundsException: Index: 0, Size: 0
	at java.util.ArrayList.rangeCheck(ArrayList.java:653)
	at java.util.ArrayList.get(ArrayList.java:429)
	at base.PersonDAL.getPer(PersonDAL.java:77)
	at base.Person_Test.DeletePersonTest(Person_Test.java:90)
	at sun.reflect.NativeMethodAccessorImpl.invoke0(Native Method)
	at sun.reflect.NativeMethodAccessorImpl.invoke(NativeMethodAccessorImpl.java:62)
	at sun.reflect.DelegatingMethodAccessorImpl.invoke(DelegatingMethodAccessorImpl.java:43)
	at java.lang.reflect.Method.invoke(Method.java:497)
	at org.junit.runners.model.FrameworkMethod$1.runReflectiveCall(FrameworkMethod.java:47)
	at org.junit.internal.runners.model.ReflectiveCallable.run(ReflectiveCallable.java:12)
	at org.junit.runners.model.FrameworkMethod.invokeExplosively(FrameworkMethod.java:44)
	at org.junit.internal.runners.statements.InvokeMethod.evaluate(InvokeMethod.java:17)
	at org.junit.internal.runners.statements.RunBefores.evaluate(RunBefores.java:26)
	at org.junit.internal.runners.statements.RunAfters.evaluate(RunAfters.java:27)
	at org.junit.runners.ParentRunner.runLeaf(ParentRunner.java:271)
	at org.junit.runners.BlockJUnit4ClassRunner.runChild(BlockJUnit4ClassRunner.java:70)
	at org.junit.runners.BlockJUnit4ClassRunner.runChild(BlockJUnit4ClassRunner.java:50)
	at org.junit.runners.ParentRunner$3.run(ParentRunner.java:238)
	at org.junit.runners.ParentRunner$1.schedule(ParentRunner.java:63)
	at org.junit.runners.ParentRunner.runChildren(ParentRunner.java:236)
	at org.junit.runners.ParentRunner.access$000(ParentRunner.java:53)
	at org.junit.runners.ParentRunner$2.evaluate(ParentRunner.java:229)
	at org.junit.internal.runners.statements.RunBefores.evaluate(RunBefores.java:26)
	at org.junit.internal.runners.statements.RunAfters.evaluate(RunAfters.java:27)
	at org.junit.runners.ParentRunner.run(ParentRunner.java:309)
	at org.apache.maven.surefire.junit4.JUnit4Provider.execute(JUnit4Provider.java:252)
	at org.apache.maven.surefire.junit4.JUnit4Provider.executeTestSet(JUnit4Provider.java:141)
	at org.apache.maven.surefire.junit4.JUnit4Provider.invoke(JUnit4Provider.java:112)
	at sun.reflect.NativeMethodAccessorImpl.invoke0(Native Method)
	at sun.reflect.NativeMethodAccessorImpl.invoke(NativeMethodAccessorImpl.java:62)
	at sun.reflect.DelegatingMethodAccessorImpl.invoke(DelegatingMethodAccessorImpl.java:43)
	at java.lang.reflect.Method.invoke(Method.java:497)
	at org.apache.maven.surefire.util.ReflectionUtils.invokeMethodWithArray(ReflectionUtils.java:189)
	at org.apache.maven.surefire.booter.ProviderFactory$ProviderProxy.invoke(ProviderFactory.java:165)
	at org.apache.maven.surefire.booter.ProviderFactory.invokeProvider(ProviderFactory.java:85)
	at org.apache.maven.surefire.booter.ForkedBooter.runSuitesInProcess(ForkedBooter.java:115)
	at org.apache.maven.surefire.booter.ForkedBooter.main(ForkedBooter.java:75)
</error>
    <system-out>16:36:35.050 [main] DEBUG org.jboss.logging - Logging Provider: org.jboss.logging.Slf4jLoggerProvider
16:36:35.081 [main] DEBUG o.h.i.internal.IntegratorServiceImpl - Adding Integrator [org.hibernate.cfg.beanvalidation.BeanValidationIntegrator].
16:36:35.088 [main] DEBUG o.h.i.internal.IntegratorServiceImpl - Adding Integrator [org.hibernate.secure.spi.JaccIntegrator].
16:36:35.092 [main] DEBUG o.h.i.internal.IntegratorServiceImpl - Adding Integrator [org.hibernate.cache.internal.CollectionCacheInvalidator].
16:36:35.294 [main] INFO  org.hibernate.Version - HHH000412: Hibernate Core {5.0.2.Final}
16:36:35.299 [main] INFO  org.hibernate.cfg.Environment - HHH000206: hibernate.properties not found
16:36:35.302 [main] INFO  org.hibernate.cfg.Environment - HHH000021: Bytecode provider name : javassist
16:36:35.364 [main] DEBUG o.h.b.j.i.s.LocalXmlResourceResolver - Interpreting public/system identifier : [-//Hibernate/Hibernate Configuration DTD 3.0//EN] - [http://www.hibernate.org/dtd/hibernate-configuration-3.0.dtd]
16:36:35.364 [main] DEBUG o.h.b.j.i.s.LocalXmlResourceResolver - Recognized hibernate-configuration identifier; attempting to resolve on classpath under org/hibernate/
16:36:35.373 [main] DEBUG o.h.b.c.internal.JaxbCfgProcessor - cfg.xml document did not define namespaces; wrapping in custom event reader to introduce namespace information
16:36:35.707 [main] DEBUG org.hibernate.cfg.Configuration - Building session factory using internal StandardServiceRegistryBuilder
16:36:35.724 [main] DEBUG o.h.service.spi.ServiceBinding - Overriding existing service binding [org.hibernate.secure.spi.JaccService]
16:36:35.725 [main] DEBUG org.hibernate.cfg.Configuration - Building session factory using provided StandardServiceRegistry
16:36:35.767 [main] DEBUG o.h.c.i.RegionFactoryInitiator - Cache region factory : org.hibernate.cache.internal.NoCachingRegionFactory
16:36:35.792 [main] INFO  o.h.annotations.common.Version - HCANN000001: Hibernate Commons Annotations {5.0.0.Final}
16:36:35.820 [main] DEBUG o.h.b.j.i.s.LocalXmlResourceResolver - Interpreting public/system identifier : [-//Hibernate/Hibernate Mapping DTD 3.0//EN] - [http://hibernate.sourceforge.net/hibernate-mapping-3.0.dtd]
16:36:35.824 [main] WARN  org.hibernate.orm.deprecation - HHH90000012: Recognized obsolete hibernate namespace http://hibernate.sourceforge.net/hibernate-mapping. Use namespace http://www.hibernate.org/dtd/hibernate-mapping instead.  Support for obsolete DTD/XSD namespaces may be removed at any time.
16:36:35.825 [main] DEBUG o.h.b.j.i.s.LocalXmlResourceResolver - Recognized legacy hibernate-mapping identifier; attempting to resolve on classpath under org/hibernate/
16:36:35.843 [main] DEBUG o.h.boot.jaxb.internal.MappingBinder - Performing JAXB binding of hbm.xml document : Origin(name=mapping/Student.hbm.xml,type=RESOURCE)
16:36:37.451 [main] DEBUG o.h.b.j.i.s.LocalXmlResourceResolver - Interpreting public/system identifier : [-//Hibernate/Hibernate Mapping DTD 3.0//EN] - [http://hibernate.sourceforge.net/hibernate-mapping-3.0.dtd]
16:36:37.451 [main] WARN  org.hibernate.orm.deprecation - HHH90000012: Recognized obsolete hibernate namespace http://hibernate.sourceforge.net/hibernate-mapping. Use namespace http://www.hibernate.org/dtd/hibernate-mapping instead.  Support for obsolete DTD/XSD namespaces may be removed at any time.
16:36:37.451 [main] DEBUG o.h.b.j.i.s.LocalXmlResourceResolver - Recognized legacy hibernate-mapping identifier; attempting to resolve on classpath under org/hibernate/
16:36:37.459 [main] DEBUG o.h.boot.jaxb.internal.MappingBinder - Performing JAXB binding of hbm.xml document : Origin(name=mapping/Person.hbm.xml,type=RESOURCE)
16:36:38.131 [main] DEBUG org.hibernate.type.BasicTypeRegistry - Adding type registration boolean -&gt; org.hibernate.type.BooleanType@6b88ca8c
16:36:38.132 [main] DEBUG org.hibernate.type.BasicTypeRegistry - Adding type registration boolean -&gt; org.hibernate.type.BooleanType@6b88ca8c
16:36:38.133 [main] DEBUG org.hibernate.type.BasicTypeRegistry - Adding type registration java.lang.Boolean -&gt; org.hibernate.type.BooleanType@6b88ca8c
16:36:38.138 [main] DEBUG org.hibernate.type.BasicTypeRegistry - Adding type registration numeric_boolean -&gt; org.hibernate.type.NumericBooleanType@52c3cb31
16:36:38.141 [main] DEBUG org.hibernate.type.BasicTypeRegistry - Adding type registration true_false -&gt; org.hibernate.type.TrueFalseType@65a15628
16:36:38.143 [main] DEBUG org.hibernate.type.BasicTypeRegistry - Adding type registration yes_no -&gt; org.hibernate.type.YesNoType@6d025197
16:36:38.146 [main] DEBUG org.hibernate.type.BasicTypeRegistry - Adding type registration byte -&gt; org.hibernate.type.ByteType@1b955cac
16:36:38.146 [main] DEBUG org.hibernate.type.BasicTypeRegistry - Adding type registration byte -&gt; org.hibernate.type.ByteType@1b955cac
16:36:38.146 [main] DEBUG org.hibernate.type.BasicTypeRegistry - Adding type registration java.lang.Byte -&gt; org.hibernate.type.ByteType@1b955cac
16:36:38.149 [main] DEBUG org.hibernate.type.BasicTypeRegistry - Adding type registration character -&gt; org.hibernate.type.CharacterType@32a68f4f
16:36:38.149 [main] DEBUG org.hibernate.type.BasicTypeRegistry - Adding type registration char -&gt; org.hibernate.type.CharacterType@32a68f4f
16:36:38.149 [main] DEBUG org.hibernate.type.BasicTypeRegistry - Adding type registration java.lang.Character -&gt; org.hibernate.type.CharacterType@32a68f4f
16:36:38.152 [main] DEBUG org.hibernate.type.BasicTypeRegistry - Adding type registration short -&gt; org.hibernate.type.ShortType@12f9af83
16:36:38.153 [main] DEBUG org.hibernate.type.BasicTypeRegistry - Adding type registration short -&gt; org.hibernate.type.ShortType@12f9af83
16:36:38.153 [main] DEBUG org.hibernate.type.BasicTypeRegistry - Adding type registration java.lang.Short -&gt; org.hibernate.type.ShortType@12f9af83
16:36:38.156 [main] DEBUG org.hibernate.type.BasicTypeRegistry - Adding type registration integer -&gt; org.hibernate.type.IntegerType@10cf09e8
16:36:38.157 [main] DEBUG org.hibernate.type.BasicTypeRegistry - Adding type registration int -&gt; org.hibernate.type.IntegerType@10cf09e8
16:36:38.158 [main] DEBUG org.hibernate.type.BasicTypeRegistry - Adding type registration java.lang.Integer -&gt; org.hibernate.type.IntegerType@10cf09e8
16:36:38.162 [main] DEBUG org.hibernate.type.BasicTypeRegistry - Adding type registration long -&gt; org.hibernate.type.LongType@6ed3f258
16:36:38.162 [main] DEBUG org.hibernate.type.BasicTypeRegistry - Adding type registration long -&gt; org.hibernate.type.LongType@6ed3f258
16:36:38.163 [main] DEBUG org.hibernate.type.BasicTypeRegistry - Adding type registration java.lang.Long -&gt; org.hibernate.type.LongType@6ed3f258
16:36:38.169 [main] DEBUG org.hibernate.type.BasicTypeRegistry - Adding type registration float -&gt; org.hibernate.type.FloatType@4f9a2c08
16:36:38.170 [main] DEBUG org.hibernate.type.BasicTypeRegistry - Adding type registration float -&gt; org.hibernate.type.FloatType@4f9a2c08
16:36:38.170 [main] DEBUG org.hibernate.type.BasicTypeRegistry - Adding type registration java.lang.Float -&gt; org.hibernate.type.FloatType@4f9a2c08
16:36:38.174 [main] DEBUG org.hibernate.type.BasicTypeRegistry - Adding type registration double -&gt; org.hibernate.type.DoubleType@22356acd
16:36:38.174 [main] DEBUG org.hibernate.type.BasicTypeRegistry - Adding type registration double -&gt; org.hibernate.type.DoubleType@22356acd
16:36:38.174 [main] DEBUG org.hibernate.type.BasicTypeRegistry - Adding type registration java.lang.Double -&gt; org.hibernate.type.DoubleType@22356acd
16:36:38.178 [main] DEBUG org.hibernate.type.BasicTypeRegistry - Adding type registration big_decimal -&gt; org.hibernate.type.BigDecimalType@1b7c473a
16:36:38.179 [main] DEBUG org.hibernate.type.BasicTypeRegistry - Adding type registration java.math.BigDecimal -&gt; org.hibernate.type.BigDecimalType@1b7c473a
16:36:38.182 [main] DEBUG org.hibernate.type.BasicTypeRegistry - Adding type registration big_integer -&gt; org.hibernate.type.BigIntegerType@535779e4
16:36:38.182 [main] DEBUG org.hibernate.type.BasicTypeRegistry - Adding type registration java.math.BigInteger -&gt; org.hibernate.type.BigIntegerType@535779e4
16:36:38.184 [main] DEBUG org.hibernate.type.BasicTypeRegistry - Adding type registration string -&gt; org.hibernate.type.StringType@1f3f02ee
16:36:38.186 [main] DEBUG org.hibernate.type.BasicTypeRegistry - Adding type registration java.lang.String -&gt; org.hibernate.type.StringType@1f3f02ee
16:36:38.189 [main] DEBUG org.hibernate.type.BasicTypeRegistry - Adding type registration nstring -&gt; org.hibernate.type.StringNVarcharType@7b94089b
16:36:38.193 [main] DEBUG org.hibernate.type.BasicTypeRegistry - Adding type registration ncharacter -&gt; org.hibernate.type.CharacterNCharType@561868a0
16:36:38.200 [main] DEBUG org.hibernate.type.BasicTypeRegistry - Adding type registration url -&gt; org.hibernate.type.UrlType@21a21c64
16:36:38.200 [main] DEBUG org.hibernate.type.BasicTypeRegistry - Adding type registration java.net.URL -&gt; org.hibernate.type.UrlType@21a21c64
16:36:38.205 [main] DEBUG org.hibernate.type.BasicTypeRegistry - Adding type registration date -&gt; org.hibernate.type.DateType@25aca718
16:36:38.205 [main] DEBUG org.hibernate.type.BasicTypeRegistry - Adding type registration java.sql.Date -&gt; org.hibernate.type.DateType@25aca718
16:36:38.209 [main] DEBUG org.hibernate.type.BasicTypeRegistry - Adding type registration time -&gt; org.hibernate.type.TimeType@51acdf2e
16:36:38.209 [main] DEBUG org.hibernate.type.BasicTypeRegistry - Adding type registration java.sql.Time -&gt; org.hibernate.type.TimeType@51acdf2e
16:36:38.213 [main] DEBUG org.hibernate.type.BasicTypeRegistry - Adding type registration timestamp -&gt; org.hibernate.type.TimestampType@289710d9
16:36:38.213 [main] DEBUG org.hibernate.type.BasicTypeRegistry - Adding type registration java.sql.Timestamp -&gt; org.hibernate.type.TimestampType@289710d9
16:36:38.213 [main] DEBUG org.hibernate.type.BasicTypeRegistry - Adding type registration java.util.Date -&gt; org.hibernate.type.TimestampType@289710d9
16:36:38.217 [main] DEBUG org.hibernate.type.BasicTypeRegistry - Adding type registration dbtimestamp -&gt; org.hibernate.type.DbTimestampType@403f0a22
16:36:38.223 [main] DEBUG org.hibernate.type.BasicTypeRegistry - Adding type registration calendar -&gt; org.hibernate.type.CalendarType@77825085
16:36:38.223 [main] DEBUG org.hibernate.type.BasicTypeRegistry - Adding type registration java.util.Calendar -&gt; org.hibernate.type.CalendarType@77825085
16:36:38.223 [main] DEBUG org.hibernate.type.BasicTypeRegistry - Adding type registration java.util.GregorianCalendar -&gt; org.hibernate.type.CalendarType@77825085
16:36:38.225 [main] DEBUG org.hibernate.type.BasicTypeRegistry - Adding type registration calendar_date -&gt; org.hibernate.type.CalendarDateType@3e7dd664
16:36:38.227 [main] DEBUG org.hibernate.type.BasicTypeRegistry - Adding type registration locale -&gt; org.hibernate.type.LocaleType@3549bca9
16:36:38.227 [main] DEBUG org.hibernate.type.BasicTypeRegistry - Adding type registration java.util.Locale -&gt; org.hibernate.type.LocaleType@3549bca9
16:36:38.230 [main] DEBUG org.hibernate.type.BasicTypeRegistry - Adding type registration currency -&gt; org.hibernate.type.CurrencyType@74bada02
16:36:38.230 [main] DEBUG org.hibernate.type.BasicTypeRegistry - Adding type registration java.util.Currency -&gt; org.hibernate.type.CurrencyType@74bada02
16:36:38.232 [main] DEBUG org.hibernate.type.BasicTypeRegistry - Adding type registration timezone -&gt; org.hibernate.type.TimeZoneType@6ad3381f
16:36:38.232 [main] DEBUG org.hibernate.type.BasicTypeRegistry - Adding type registration java.util.TimeZone -&gt; org.hibernate.type.TimeZoneType@6ad3381f
16:36:38.234 [main] DEBUG org.hibernate.type.BasicTypeRegistry - Adding type registration class -&gt; org.hibernate.type.ClassType@4b14918a
16:36:38.235 [main] DEBUG org.hibernate.type.BasicTypeRegistry - Adding type registration java.lang.Class -&gt; org.hibernate.type.ClassType@4b14918a
16:36:38.238 [main] DEBUG org.hibernate.type.BasicTypeRegistry - Adding type registration uuid-binary -&gt; org.hibernate.type.UUIDBinaryType@5d12a356
16:36:38.239 [main] DEBUG org.hibernate.type.BasicTypeRegistry - Adding type registration java.util.UUID -&gt; org.hibernate.type.UUIDBinaryType@5d12a356
16:36:38.240 [main] DEBUG org.hibernate.type.BasicTypeRegistry - Adding type registration uuid-char -&gt; org.hibernate.type.UUIDCharType@797cf65c
16:36:38.243 [main] DEBUG org.hibernate.type.BasicTypeRegistry - Adding type registration binary -&gt; org.hibernate.type.BinaryType@7862f56
16:36:38.243 [main] DEBUG org.hibernate.type.BasicTypeRegistry - Adding type registration byte[] -&gt; org.hibernate.type.BinaryType@7862f56
16:36:38.243 [main] DEBUG org.hibernate.type.BasicTypeRegistry - Adding type registration [B -&gt; org.hibernate.type.BinaryType@7862f56
16:36:38.246 [main] DEBUG org.hibernate.type.BasicTypeRegistry - Adding type registration wrapper-binary -&gt; org.hibernate.type.WrapperBinaryType@38831718
16:36:38.247 [main] DEBUG org.hibernate.type.BasicTypeRegistry - Adding type registration Byte[] -&gt; org.hibernate.type.WrapperBinaryType@38831718
16:36:38.247 [main] DEBUG org.hibernate.type.BasicTypeRegistry - Adding type registration [Ljava.lang.Byte; -&gt; org.hibernate.type.WrapperBinaryType@38831718
16:36:38.249 [main] DEBUG org.hibernate.type.BasicTypeRegistry - Adding type registration image -&gt; org.hibernate.type.ImageType@4f1bfe23
16:36:38.257 [main] DEBUG org.hibernate.type.BasicTypeRegistry - Adding type registration characters -&gt; org.hibernate.type.CharArrayType@22295ec4
16:36:38.260 [main] DEBUG org.hibernate.type.BasicTypeRegistry - Adding type registration char[] -&gt; org.hibernate.type.CharArrayType@22295ec4
16:36:38.261 [main] DEBUG org.hibernate.type.BasicTypeRegistry - Adding type registration [C -&gt; org.hibernate.type.CharArrayType@22295ec4
16:36:38.264 [main] DEBUG org.hibernate.type.BasicTypeRegistry - Adding type registration wrapper-characters -&gt; org.hibernate.type.CharacterArrayType@70f59913
16:36:38.264 [main] DEBUG org.hibernate.type.BasicTypeRegistry - Adding type registration [Ljava.lang.Character; -&gt; org.hibernate.type.CharacterArrayType@70f59913
16:36:38.264 [main] DEBUG org.hibernate.type.BasicTypeRegistry - Adding type registration Character[] -&gt; org.hibernate.type.CharacterArrayType@70f59913
16:36:38.266 [main] DEBUG org.hibernate.type.BasicTypeRegistry - Adding type registration text -&gt; org.hibernate.type.TextType@253d9f73
16:36:38.272 [main] DEBUG org.hibernate.type.BasicTypeRegistry - Adding type registration ntext -&gt; org.hibernate.type.NTextType@f316aeb
16:36:38.284 [main] DEBUG org.hibernate.type.BasicTypeRegistry - Adding type registration blob -&gt; org.hibernate.type.BlobType@64b73e7a
16:36:38.285 [main] DEBUG org.hibernate.type.BasicTypeRegistry - Adding type registration java.sql.Blob -&gt; org.hibernate.type.BlobType@64b73e7a
16:36:38.288 [main] DEBUG org.hibernate.type.BasicTypeRegistry - Adding type registration materialized_blob -&gt; org.hibernate.type.MaterializedBlobType@12ed9db6
16:36:38.299 [main] DEBUG org.hibernate.type.BasicTypeRegistry - Adding type registration clob -&gt; org.hibernate.type.ClobType@12c7a01b
16:36:38.299 [main] DEBUG org.hibernate.type.BasicTypeRegistry - Adding type registration java.sql.Clob -&gt; org.hibernate.type.ClobType@12c7a01b
16:36:38.309 [main] DEBUG org.hibernate.type.BasicTypeRegistry - Adding type registration nclob -&gt; org.hibernate.type.NClobType@76012793
16:36:38.309 [main] DEBUG org.hibernate.type.BasicTypeRegistry - Adding type registration java.sql.NClob -&gt; org.hibernate.type.NClobType@76012793
16:36:38.310 [main] DEBUG org.hibernate.type.BasicTypeRegistry - Adding type registration materialized_clob -&gt; org.hibernate.type.MaterializedClobType@4dd02341
16:36:38.312 [main] DEBUG org.hibernate.type.BasicTypeRegistry - Adding type registration materialized_nclob -&gt; org.hibernate.type.MaterializedNClobType@495b0487
16:36:38.314 [main] DEBUG org.hibernate.type.BasicTypeRegistry - Adding type registration serializable -&gt; org.hibernate.type.SerializableType@7203c7ff
16:36:38.323 [main] DEBUG org.hibernate.type.BasicTypeRegistry - Adding type registration object -&gt; org.hibernate.type.ObjectType@2d6764b2
16:36:38.323 [main] DEBUG org.hibernate.type.BasicTypeRegistry - Adding type registration java.lang.Object -&gt; org.hibernate.type.ObjectType@2d6764b2
16:36:38.324 [main] DEBUG org.hibernate.type.BasicTypeRegistry - Adding type registration imm_date -&gt; org.hibernate.type.AdaptedImmutableType@6fe1b4fb
16:36:38.324 [main] DEBUG org.hibernate.type.BasicTypeRegistry - Adding type registration imm_time -&gt; org.hibernate.type.AdaptedImmutableType@79351f41
16:36:38.324 [main] DEBUG org.hibernate.type.BasicTypeRegistry - Adding type registration imm_timestamp -&gt; org.hibernate.type.AdaptedImmutableType@1c32386d
16:36:38.325 [main] DEBUG org.hibernate.type.BasicTypeRegistry - Adding type registration imm_dbtimestamp -&gt; org.hibernate.type.AdaptedImmutableType@6399551e
16:36:38.325 [main] DEBUG org.hibernate.type.BasicTypeRegistry - Adding type registration imm_calendar -&gt; org.hibernate.type.AdaptedImmutableType@13d73fa
16:36:38.325 [main] DEBUG org.hibernate.type.BasicTypeRegistry - Adding type registration imm_calendar_date -&gt; org.hibernate.type.AdaptedImmutableType@5023bb8b
16:36:38.325 [main] DEBUG org.hibernate.type.BasicTypeRegistry - Adding type registration imm_binary -&gt; org.hibernate.type.AdaptedImmutableType@5d5f10b2
16:36:38.325 [main] DEBUG org.hibernate.type.BasicTypeRegistry - Adding type registration imm_serializable -&gt; org.hibernate.type.AdaptedImmutableType@74c79fa2
16:36:38.346 [main] WARN  o.h.e.j.c.i.DriverManagerConnectionProviderImpl - HHH000402: Using Hibernate built-in connection pool (not for production use!)
16:36:38.348 [main] DEBUG o.h.e.j.c.i.DriverManagerConnectionProviderImpl - No driver class specified
16:36:38.349 [main] INFO  o.h.e.j.c.i.DriverManagerConnectionProviderImpl - HHH000401: using driver [null] at URL [jdbc:oracle:thin:@cisc181.ci3wacsy5j84.us-east-1.rds.amazonaws.com:1521:ORCL]
16:36:38.349 [main] INFO  o.h.e.j.c.i.DriverManagerConnectionProviderImpl - HHH000046: Connection properties: {user=JAGIELSKIJ, password=neotanks123}
16:36:38.349 [main] INFO  o.h.e.j.c.i.DriverManagerConnectionProviderImpl - HHH000006: Autocommit mode: false
16:36:38.353 [main] INFO  o.h.e.j.c.i.DriverManagerConnectionProviderImpl - HHH000115: Hibernate connection pool size: 20 (min=1)
16:36:38.354 [main] DEBUG o.h.e.j.c.i.DriverManagerConnectionProviderImpl - Initializing Connection pool with 1 Connections
16:36:39.801 [main] DEBUG o.h.e.j.e.i.JdbcEnvironmentInitiator - Database -&gt;
       name : Oracle
    version : Oracle Database 11g Release 11.2.0.4.0 - 64bit Production
      major : 11
      minor : 2
16:36:39.802 [main] DEBUG o.h.e.j.e.i.JdbcEnvironmentInitiator - Driver -&gt;
       name : Oracle JDBC driver
    version : 11.2.0.3.0
      major : 11
      minor : 2
16:36:39.803 [main] DEBUG o.h.e.j.e.i.JdbcEnvironmentInitiator - JDBC version : 11.2
16:36:39.864 [main] INFO  org.hibernate.dialect.Dialect - HHH000400: Using dialect: org.hibernate.dialect.Oracle10gDialect
16:36:39.932 [main] DEBUG o.h.e.j.c.i.StandardRefCursorSupport - Unexpected error trying to gauge level of JDBC REF_CURSOR support : null
16:36:40.474 [main] DEBUG o.h.i.f.i.DefaultIdentifierGeneratorFactory - Registering IdentifierGenerator strategy [uuid2] -&gt; [org.hibernate.id.UUIDGenerator]
16:36:40.475 [main] DEBUG o.h.i.f.i.DefaultIdentifierGeneratorFactory - Registering IdentifierGenerator strategy [guid] -&gt; [org.hibernate.id.GUIDGenerator]
16:36:40.477 [main] DEBUG o.h.i.f.i.DefaultIdentifierGeneratorFactory - Registering IdentifierGenerator strategy [uuid] -&gt; [org.hibernate.id.UUIDHexGenerator]
16:36:40.478 [main] DEBUG o.h.i.f.i.DefaultIdentifierGeneratorFactory - Registering IdentifierGenerator strategy [uuid.hex] -&gt; [org.hibernate.id.UUIDHexGenerator]
16:36:40.479 [main] DEBUG o.h.i.f.i.DefaultIdentifierGeneratorFactory - Registering IdentifierGenerator strategy [assigned] -&gt; [org.hibernate.id.Assigned]
16:36:40.482 [main] DEBUG o.h.i.f.i.DefaultIdentifierGeneratorFactory - Registering IdentifierGenerator strategy [identity] -&gt; [org.hibernate.id.IdentityGenerator]
16:36:40.483 [main] DEBUG o.h.i.f.i.DefaultIdentifierGeneratorFactory - Registering IdentifierGenerator strategy [select] -&gt; [org.hibernate.id.SelectGenerator]
16:36:40.488 [main] DEBUG o.h.i.f.i.DefaultIdentifierGeneratorFactory - Registering IdentifierGenerator strategy [sequence] -&gt; [org.hibernate.id.enhanced.SequenceStyleGenerator]
16:36:40.490 [main] DEBUG o.h.i.f.i.DefaultIdentifierGeneratorFactory - Registering IdentifierGenerator strategy [seqhilo] -&gt; [org.hibernate.id.SequenceHiLoGenerator]
16:36:40.492 [main] DEBUG o.h.i.f.i.DefaultIdentifierGeneratorFactory - Registering IdentifierGenerator strategy [increment] -&gt; [org.hibernate.id.IncrementGenerator]
16:36:40.493 [main] DEBUG o.h.i.f.i.DefaultIdentifierGeneratorFactory - Registering IdentifierGenerator strategy [foreign] -&gt; [org.hibernate.id.ForeignGenerator]
16:36:40.494 [main] DEBUG o.h.i.f.i.DefaultIdentifierGeneratorFactory - Registering IdentifierGenerator strategy [sequence-identity] -&gt; [org.hibernate.id.SequenceIdentityGenerator]
16:36:40.494 [main] DEBUG o.h.i.f.i.DefaultIdentifierGeneratorFactory - Registering IdentifierGenerator strategy [enhanced-sequence] -&gt; [org.hibernate.id.enhanced.SequenceStyleGenerator]
16:36:40.496 [main] DEBUG o.h.i.f.i.DefaultIdentifierGeneratorFactory - Registering IdentifierGenerator strategy [enhanced-table] -&gt; [org.hibernate.id.enhanced.TableGenerator]
16:36:40.647 [main] DEBUG o.h.boot.model.relational.Namespace - Created database namespace [logicalName=Name{catalog=null, schema=CISC181}, physicalName=Name{catalog=null, schema=CISC181}]
16:36:40.690 [main] DEBUG o.h.b.m.s.internal.hbm.ModelBinder - Mapping class: domain.StudentDomainModel -&gt; stu
16:36:40.709 [main] DEBUG o.h.b.m.s.internal.hbm.ModelBinder - Mapped property: StudentID -&gt; [StudentID]
16:36:40.713 [main] DEBUG o.h.b.m.s.internal.hbm.ModelBinder - Mapped property: FirstName -&gt; [FirstName]
16:36:40.713 [main] DEBUG o.h.b.m.s.internal.hbm.ModelBinder - Mapped property: MiddleName -&gt; [MiddleName]
16:36:40.713 [main] DEBUG o.h.b.m.s.internal.hbm.ModelBinder - Mapped property: LastName -&gt; [LastName]
16:36:40.713 [main] DEBUG o.h.b.m.s.internal.hbm.ModelBinder - Mapped property: DOB -&gt; [DOB]
16:36:40.714 [main] DEBUG o.h.b.m.s.internal.hbm.ModelBinder - Mapping class: domain.PersonDomainModel -&gt; per
16:36:40.714 [main] DEBUG o.h.b.m.s.internal.hbm.ModelBinder - Mapped property: PerID -&gt; [PerID]
16:36:40.714 [main] DEBUG o.h.b.m.s.internal.hbm.ModelBinder - Mapped property: firstName -&gt; [firstName]
16:36:40.714 [main] DEBUG o.h.b.m.s.internal.hbm.ModelBinder - Mapped property: lastName -&gt; [lastName]
16:36:40.715 [main] DEBUG o.h.b.m.s.internal.hbm.ModelBinder - Mapped property: street -&gt; [street]
16:36:40.715 [main] DEBUG o.h.b.m.s.internal.hbm.ModelBinder - Mapped property: postalCode -&gt; [postalCode]
16:36:40.715 [main] DEBUG o.h.b.m.s.internal.hbm.ModelBinder - Mapped property: city -&gt; [city]
16:36:40.715 [main] DEBUG o.h.b.m.s.internal.hbm.ModelBinder - Mapped property: birthday -&gt; [birthday]
16:36:40.792 [main] DEBUG o.h.internal.SessionFactoryImpl - Building session factory
16:36:40.794 [main] DEBUG org.hibernate.cfg.Settings - SessionFactory name : null
16:36:40.794 [main] DEBUG org.hibernate.cfg.Settings - Automatic flush during beforeCompletion(): disabled
16:36:40.794 [main] DEBUG org.hibernate.cfg.Settings - Automatic session close at end of transaction: disabled
16:36:40.794 [main] DEBUG org.hibernate.cfg.Settings - Statistics: disabled
16:36:40.794 [main] DEBUG org.hibernate.cfg.Settings - Deleted entity synthetic identifier rollback: disabled
16:36:40.794 [main] DEBUG org.hibernate.cfg.Settings - Default entity-mode: pojo
16:36:40.794 [main] DEBUG org.hibernate.cfg.Settings - Check Nullability in Core (should be disabled when Bean Validation is on): enabled
16:36:40.794 [main] DEBUG org.hibernate.cfg.Settings - Allow initialization of lazy state outside session : disabled
16:36:40.794 [main] DEBUG org.hibernate.cfg.Settings - Using BatchFetchStyle : LEGACY
16:36:40.795 [main] DEBUG org.hibernate.cfg.Settings - Default batch fetch size: -1
16:36:40.795 [main] DEBUG org.hibernate.cfg.Settings - Maximum outer join fetch depth: null
16:36:40.795 [main] DEBUG org.hibernate.cfg.Settings - Default null ordering: NONE
16:36:40.795 [main] DEBUG org.hibernate.cfg.Settings - Order SQL updates by primary key: disabled
16:36:40.795 [main] DEBUG org.hibernate.cfg.Settings - Order SQL inserts for batching: disabled
16:36:40.795 [main] DEBUG org.hibernate.cfg.Settings - multi-tenancy strategy : NONE
16:36:40.795 [main] DEBUG org.hibernate.cfg.Settings - JTA Track by Thread: enabled
16:36:40.795 [main] DEBUG org.hibernate.cfg.Settings - Query language substitutions: {}
16:36:40.795 [main] DEBUG org.hibernate.cfg.Settings - JPA query language strict compliance: disabled
16:36:40.795 [main] DEBUG org.hibernate.cfg.Settings - Named query checking : enabled
16:36:40.795 [main] DEBUG org.hibernate.cfg.Settings - Second-level cache: enabled
16:36:40.796 [main] DEBUG org.hibernate.cfg.Settings - Second-level query cache: disabled
16:36:40.796 [main] DEBUG org.hibernate.cfg.Settings - Second-level query cache factory: org.hibernate.cache.internal.StandardQueryCacheFactory@1a2e2935
16:36:40.796 [main] DEBUG org.hibernate.cfg.Settings - Second-level cache region prefix: null
16:36:40.796 [main] DEBUG org.hibernate.cfg.Settings - Optimize second-level cache for minimal puts: disabled
16:36:40.796 [main] DEBUG org.hibernate.cfg.Settings - Structured second-level cache entries: disabled
16:36:40.796 [main] DEBUG org.hibernate.cfg.Settings - Second-level cache direct-reference entries: disabled
16:36:40.796 [main] DEBUG org.hibernate.cfg.Settings - Automatic eviction of collection cache: disabled
16:36:40.796 [main] DEBUG org.hibernate.cfg.Settings - JDBC batch size: 15
16:36:40.797 [main] DEBUG org.hibernate.cfg.Settings - JDBC batch updates for versioned data: disabled
16:36:40.797 [main] DEBUG org.hibernate.cfg.Settings - Scrollable result sets: enabled
16:36:40.797 [main] DEBUG org.hibernate.cfg.Settings - Wrap result sets: disabled
16:36:40.797 [main] DEBUG org.hibernate.cfg.Settings - JDBC3 getGeneratedKeys(): disabled
16:36:40.797 [main] DEBUG org.hibernate.cfg.Settings - JDBC result set fetch size: null
16:36:40.797 [main] DEBUG org.hibernate.cfg.Settings - Connection release mode: ON_CLOSE
16:36:40.798 [main] DEBUG org.hibernate.cfg.Settings - Generate SQL with comments: disabled
16:36:40.938 [main] DEBUG o.h.internal.SessionFactoryImpl - Session factory constructed with filter configurations : {}
16:36:40.938 [main] DEBUG o.h.internal.SessionFactoryImpl - Instantiating session factory with properties: {hibernate.connection.password=neotanks123, java.runtime.name=Java(TM) SE Runtime Environment, java.vm.version=25.60-b23, hibernate.default_schema=CISC181, sun.boot.library.path=C:\Program Files\Java\jdk1.8.0_60\jre\bin, hibernate.connection.username=JAGIELSKIJ, hibernate.boot.CfgXmlAccessService.key=org.hibernate.boot.cfgxml.spi.LoadedConfig@2b46a8c1, java.vm.vendor=Oracle Corporation, java.vendor.url=http://java.oracle.com/, path.separator=;, java.vm.name=Java HotSpot(TM) 64-Bit Server VM, file.encoding.pkg=sun.io, sun.os.patch.level=, user.script=, user.country=US, sun.java.launcher=SUN_STANDARD, java.vm.specification.name=Java Virtual Machine Specification, user.dir=C:\Users\Justin\git\PS6_Starter\PS6_DAL, java.runtime.version=1.8.0_60-b27, java.awt.graphicsenv=sun.awt.Win32GraphicsEnvironment, basedir=C:\Users\Justin\git\PS6_Starter\PS6_DAL, os.arch=amd64, java.endorsed.dirs=C:\Program Files\Java\jdk1.8.0_60\jre\lib\endorsed, surefire.real.class.path=C:\Users\Justin\git\PS6_Starter\PS6_DAL\target\surefire\surefirebooter7713686957340945177.jar, java.io.tmpdir=C:\Users\Justin\AppData\Local\Temp\, line.separator=
, java.vm.specification.vendor=Oracle Corporation, user.variant=, os.name=Windows 10, sun.jnu.encoding=Cp1252, java.library.path=C:\Program Files\Java\jdk1.8.0_60\jre\bin;C:\WINDOWS\Sun\Java\bin;C:\WINDOWS\system32;C:\WINDOWS;C:/Program Files/Java/jre1.8.0_60/bin/server;C:/Program Files/Java/jre1.8.0_60/bin;C:/Program Files/Java/jre1.8.0_60/lib/amd64;C:\ProgramData\Oracle\Java\javapath;C:\Program Files\Common Files\Microsoft Shared\Windows Live;C:\Program Files (x86)\Common Files\Microsoft Shared\Windows Live;C:\Windows\system32;C:\Windows;C:\Windows\System32\Wbem;C:\Windows\System32\WindowsPowerShell\v1.0\;C:\Program Files (x86)\ATI Technologies\ATI.ACE\Core-Static;c:\Program Files (x86)\Common Files\Roxio Shared\DLLShared\;c:\Program Files (x86)\Common Files\Roxio Shared\12.0\DLLShared\;C:\Program Files (x86)\Windows Live\Shared;C:\Program Files (x86)\Java\jre6\bin ;C:\Program Files\TortoiseSVN\bin;C:\Program Files (x86)\QuickTime\QTSystem\;C:\MinGW\bin;C:\Program Files (x86)\NVIDIA Corporation\PhysX\Common;C:\WINDOWS\system32;C:\WINDOWS;C:\WINDOWS\System32\Wbem;C:\WINDOWS\System32\WindowsPowerShell\v1.0\;C:\Program Files (x86)\Skype\Phone\;5.1\..\bin;C:\Users\Justin\Desktop\eclipse;;., surefire.test.class.path=C:\Users\Justin\git\PS6_Starter\PS6_DAL\target\test-classes;C:\Users\Justin\git\PS6_Starter\PS6_DAL\target\classes;C:\Users\Justin\.m2\repository\org\springframework\spring-context\3.2.3.RELEASE\spring-context-3.2.3.RELEASE.jar;C:\Users\Justin\.m2\repository\org\springframework\spring-aop\3.2.3.RELEASE\spring-aop-3.2.3.RELEASE.jar;C:\Users\Justin\.m2\repository\org\springframework\spring-beans\3.2.3.RELEASE\spring-beans-3.2.3.RELEASE.jar;C:\Users\Justin\.m2\repository\org\springframework\spring-core\3.2.3.RELEASE\spring-core-3.2.3.RELEASE.jar;C:\Users\Justin\.m2\repository\commons-logging\commons-logging\1.1.1\commons-logging-1.1.1.jar;C:\Users\Justin\.m2\repository\org\springframework\spring-expression\3.2.3.RELEASE\spring-expression-3.2.3.RELEASE.jar;C:\Users\Justin\.m2\repository\org\springframework\spring-tx\3.2.3.RELEASE\spring-tx-3.2.3.RELEASE.jar;C:\Users\Justin\.m2\repository\aopalliance\aopalliance\1.0\aopalliance-1.0.jar;C:\Users\Justin\.m2\repository\org\slf4j\slf4j-api\1.7.5\slf4j-api-1.7.5.jar;C:\Users\Justin\.m2\repository\ch\qos\logback\logback-classic\1.0.13\logback-classic-1.0.13.jar;C:\Users\Justin\.m2\repository\ch\qos\logback\logback-core\1.0.13\logback-core-1.0.13.jar;C:\Users\Justin\.m2\repository\org\hibernate\hibernate-entitymanager\5.0.2.Final\hibernate-entitymanager-5.0.2.Final.jar;C:\Users\Justin\.m2\repository\org\jboss\logging\jboss-logging\3.3.0.Final\jboss-logging-3.3.0.Final.jar;C:\Users\Justin\.m2\repository\org\hibernate\hibernate-core\5.0.2.Final\hibernate-core-5.0.2.Final.jar;C:\Users\Justin\.m2\repository\antlr\antlr\2.7.7\antlr-2.7.7.jar;C:\Users\Justin\.m2\repository\org\jboss\jandex\1.2.2.Final\jandex-1.2.2.Final.jar;C:\Users\Justin\.m2\repository\dom4j\dom4j\1.6.1\dom4j-1.6.1.jar;C:\Users\Justin\.m2\repository\xml-apis\xml-apis\1.0.b2\xml-apis-1.0.b2.jar;C:\Users\Justin\.m2\repository\org\hibernate\common\hibernate-commons-annotations\5.0.0.Final\hibernate-commons-annotations-5.0.0.Final.jar;C:\Users\Justin\.m2\repository\org\hibernate\javax\persistence\hibernate-jpa-2.1-api\1.0.0.Final\hibernate-jpa-2.1-api-1.0.0.Final.jar;C:\Users\Justin\.m2\repository\org\apache\geronimo\specs\geronimo-jta_1.1_spec\1.1.1\geronimo-jta_1.1_spec-1.1.1.jar;C:\Users\Justin\.m2\repository\org\javassist\javassist\3.18.1-GA\javassist-3.18.1-GA.jar;C:\Users\Justin\.m2\repository\org\springframework\spring-test\3.2.3.RELEASE\spring-test-3.2.3.RELEASE.jar;C:\Users\Justin\.m2\repository\junit\junit\4.11\junit-4.11.jar;C:\Users\Justin\.m2\repository\org\hamcrest\hamcrest-core\1.3\hamcrest-core-1.3.jar;C:\Users\Justin\.m2\repository\com\oracle\ojdbc6\11.2.0.3\ojdbc6-11.2.0.3.jar;, java.class.version=52.0, java.specification.name=Java Platform API Specification, sun.management.compiler=HotSpot 64-Bit Tiered Compilers, os.version=10.0, user.home=C:\Users\Justin, user.timezone=America/New_York, java.awt.printerjob=sun.awt.windows.WPrinterJob, file.encoding=Cp1252, java.specification.version=1.8, hibernate.format_sql=true, show_sql=true, user.name=Justin, java.class.path=C:\Users\Justin\git\PS6_Starter\PS6_DAL\target\test-classes;C:\Users\Justin\git\PS6_Starter\PS6_DAL\target\classes;C:\Users\Justin\.m2\repository\org\springframework\spring-context\3.2.3.RELEASE\spring-context-3.2.3.RELEASE.jar;C:\Users\Justin\.m2\repository\org\springframework\spring-aop\3.2.3.RELEASE\spring-aop-3.2.3.RELEASE.jar;C:\Users\Justin\.m2\repository\org\springframework\spring-beans\3.2.3.RELEASE\spring-beans-3.2.3.RELEASE.jar;C:\Users\Justin\.m2\repository\org\springframework\spring-core\3.2.3.RELEASE\spring-core-3.2.3.RELEASE.jar;C:\Users\Justin\.m2\repository\commons-logging\commons-logging\1.1.1\commons-logging-1.1.1.jar;C:\Users\Justin\.m2\repository\org\springframework\spring-expression\3.2.3.RELEASE\spring-expression-3.2.3.RELEASE.jar;C:\Users\Justin\.m2\repository\org\springframework\spring-tx\3.2.3.RELEASE\spring-tx-3.2.3.RELEASE.jar;C:\Users\Justin\.m2\repository\aopalliance\aopalliance\1.0\aopalliance-1.0.jar;C:\Users\Justin\.m2\repository\org\slf4j\slf4j-api\1.7.5\slf4j-api-1.7.5.jar;C:\Users\Justin\.m2\repository\ch\qos\logback\logback-classic\1.0.13\logback-classic-1.0.13.jar;C:\Users\Justin\.m2\repository\ch\qos\logback\logback-core\1.0.13\logback-core-1.0.13.jar;C:\Users\Justin\.m2\repository\org\hibernate\hibernate-entitymanager\5.0.2.Final\hibernate-entitymanager-5.0.2.Final.jar;C:\Users\Justin\.m2\repository\org\jboss\logging\jboss-logging\3.3.0.Final\jboss-logging-3.3.0.Final.jar;C:\Users\Justin\.m2\repository\org\hibernate\hibernate-core\5.0.2.Final\hibernate-core-5.0.2.Final.jar;C:\Users\Justin\.m2\repository\antlr\antlr\2.7.7\antlr-2.7.7.jar;C:\Users\Justin\.m2\repository\org\jboss\jandex\1.2.2.Final\jandex-1.2.2.Final.jar;C:\Users\Justin\.m2\repository\dom4j\dom4j\1.6.1\dom4j-1.6.1.jar;C:\Users\Justin\.m2\repository\xml-apis\xml-apis\1.0.b2\xml-apis-1.0.b2.jar;C:\Users\Justin\.m2\repository\org\hibernate\common\hibernate-commons-annotations\5.0.0.Final\hibernate-commons-annotations-5.0.0.Final.jar;C:\Users\Justin\.m2\repository\org\hibernate\javax\persistence\hibernate-jpa-2.1-api\1.0.0.Final\hibernate-jpa-2.1-api-1.0.0.Final.jar;C:\Users\Justin\.m2\repository\org\apache\geronimo\specs\geronimo-jta_1.1_spec\1.1.1\geronimo-jta_1.1_spec-1.1.1.jar;C:\Users\Justin\.m2\repository\org\javassist\javassist\3.18.1-GA\javassist-3.18.1-GA.jar;C:\Users\Justin\.m2\repository\org\springframework\spring-test\3.2.3.RELEASE\spring-test-3.2.3.RELEASE.jar;C:\Users\Justin\.m2\repository\junit\junit\4.11\junit-4.11.jar;C:\Users\Justin\.m2\repository\org\hamcrest\hamcrest-core\1.3\hamcrest-core-1.3.jar;C:\Users\Justin\.m2\repository\com\oracle\ojdbc6\11.2.0.3\ojdbc6-11.2.0.3.jar;, hibernate.bytecode.use_reflection_optimizer=false, format_sql=true, hibernate.show_sql=true, java.vm.specification.version=1.8, sun.arch.data.model=64, sun.java.command=C:\Users\Justin\git\PS6_Starter\PS6_DAL\target\surefire\surefirebooter7713686957340945177.jar C:\Users\Justin\git\PS6_Starter\PS6_DAL\target\surefire\surefire7981559429776704133tmp C:\Users\Justin\git\PS6_Starter\PS6_DAL\target\surefire\surefire_08310902604604317203tmp, java.home=C:\Program Files\Java\jdk1.8.0_60\jre, hibernate.connection.url=jdbc:oracle:thin:@cisc181.ci3wacsy5j84.us-east-1.rds.amazonaws.com:1521:ORCL, hibernate.dialect=org.hibernate.dialect.Oracle10gDialect, user.language=en, java.specification.vendor=Oracle Corporation, awt.toolkit=sun.awt.windows.WToolkit, java.vm.info=mixed mode, java.version=1.8.0_60, java.ext.dirs=C:\Program Files\Java\jdk1.8.0_60\jre\lib\ext;C:\WINDOWS\Sun\Java\lib\ext, sun.boot.class.path=C:\Program Files\Java\jdk1.8.0_60\jre\lib\resources.jar;C:\Program Files\Java\jdk1.8.0_60\jre\lib\rt.jar;C:\Program Files\Java\jdk1.8.0_60\jre\lib\sunrsasign.jar;C:\Program Files\Java\jdk1.8.0_60\jre\lib\jsse.jar;C:\Program Files\Java\jdk1.8.0_60\jre\lib\jce.jar;C:\Program Files\Java\jdk1.8.0_60\jre\lib\charsets.jar;C:\Program Files\Java\jdk1.8.0_60\jre\lib\jfr.jar;C:\Program Files\Java\jdk1.8.0_60\jre\classes, java.vendor=Oracle Corporation, localRepository=C:\Users\Justin\.m2\repository, file.separator=\, java.vendor.url.bug=http://bugreport.sun.com/bugreport/, hibernate.hbm2ddl.auto=update, sun.io.unicode.encoding=UnicodeLittle, sun.cpu.endian=little, sun.desktop=windows, sun.cpu.isalist=amd64}
16:36:40.962 [main] DEBUG o.h.secure.spi.JaccIntegrator - Skipping JACC integration as it was not enabled
16:36:41.037 [main] DEBUG o.h.b.internal.ClassLoaderAccessImpl - Not known whether passed class name [domain.PersonDomainModel] is safe
16:36:41.037 [main] DEBUG o.h.b.internal.ClassLoaderAccessImpl - No temp ClassLoader provided; using live ClassLoader for loading potentially unsafe class : domain.PersonDomainModel
16:36:41.096 [main] DEBUG o.h.b.internal.ClassLoaderAccessImpl - Not known whether passed class name [domain.PersonDomainModel] is safe
16:36:41.097 [main] DEBUG o.h.b.internal.ClassLoaderAccessImpl - No temp ClassLoader provided; using live ClassLoader for loading potentially unsafe class : domain.PersonDomainModel
16:36:41.549 [main] DEBUG o.h.b.internal.ClassLoaderAccessImpl - Not known whether passed class name [domain.StudentDomainModel] is safe
16:36:41.550 [main] DEBUG o.h.b.internal.ClassLoaderAccessImpl - No temp ClassLoader provided; using live ClassLoader for loading potentially unsafe class : domain.StudentDomainModel
16:36:41.555 [main] DEBUG o.h.b.internal.ClassLoaderAccessImpl - Not known whether passed class name [domain.StudentDomainModel] is safe
16:36:41.555 [main] DEBUG o.h.b.internal.ClassLoaderAccessImpl - No temp ClassLoader provided; using live ClassLoader for loading potentially unsafe class : domain.StudentDomainModel
16:36:41.568 [main] DEBUG o.h.p.entity.AbstractEntityPersister - Static SQL for entity: domain.PersonDomainModel
16:36:41.568 [main] DEBUG o.h.p.entity.AbstractEntityPersister -  Version select: select PerID from CISC181.per where PerID =?
16:36:41.568 [main] DEBUG o.h.p.entity.AbstractEntityPersister -  Snapshot select: select persondoma_.PerID, persondoma_.firstName as firstName2_0_, persondoma_.lastName as lastName3_0_, persondoma_.street as street4_0_, persondoma_.postalCode as postalCode5_0_, persondoma_.city as city6_0_, persondoma_.birthday as birthday7_0_ from CISC181.per persondoma_ where persondoma_.PerID=?
16:36:41.569 [main] DEBUG o.h.p.entity.AbstractEntityPersister -  Insert 0: insert into CISC181.per (firstName, lastName, street, postalCode, city, birthday, PerID) values (?, ?, ?, ?, ?, ?, ?)
16:36:41.569 [main] DEBUG o.h.p.entity.AbstractEntityPersister -  Update 0: update CISC181.per set firstName=?, lastName=?, street=?, postalCode=?, city=?, birthday=? where PerID=?
16:36:41.569 [main] DEBUG o.h.p.entity.AbstractEntityPersister -  Delete 0: delete from CISC181.per where PerID=?
16:36:41.657 [main] DEBUG o.h.l.p.b.i.spaces.QuerySpacesImpl - Adding QuerySpace : uid = &lt;gen:0&gt; -&gt; org.hibernate.loader.plan.build.internal.spaces.EntityQuerySpaceImpl@1286528d]
16:36:41.660 [main] DEBUG o.h.p.w.spi.MetamodelGraphWalker - Visiting attribute path : firstName
16:36:41.661 [main] DEBUG o.h.p.w.spi.MetamodelGraphWalker - Visiting attribute path : lastName
16:36:41.661 [main] DEBUG o.h.p.w.spi.MetamodelGraphWalker - Visiting attribute path : street
16:36:41.661 [main] DEBUG o.h.p.w.spi.MetamodelGraphWalker - Visiting attribute path : postalCode
16:36:41.661 [main] DEBUG o.h.p.w.spi.MetamodelGraphWalker - Visiting attribute path : city
16:36:41.661 [main] DEBUG o.h.p.w.spi.MetamodelGraphWalker - Visiting attribute path : birthday
16:36:41.661 [main] DEBUG o.h.l.p.b.i.FetchStyleLoadPlanBuildingAssociationVisitationStrategy - Building LoadPlan...
16:36:41.698 [main] DEBUG o.h.l.p.e.i.LoadQueryJoinAndFetchProcessor - processing queryspace &lt;gen:0&gt;
16:36:41.708 [main] DEBUG o.h.l.p.b.spi.LoadPlanTreePrinter - LoadPlan(entity=domain.PersonDomainModel)
    - Returns
       - EntityReturnImpl(entity=domain.PersonDomainModel, querySpaceUid=&lt;gen:0&gt;, path=domain.PersonDomainModel)
    - QuerySpaces
       - EntityQuerySpaceImpl(uid=&lt;gen:0&gt;, entity=domain.PersonDomainModel)
          - SQL table alias mapping - persondoma0_
          - alias suffix - 0_
          - suffixed key columns - {PerID1_0_0_}

16:36:41.712 [main] DEBUG o.h.loader.entity.plan.EntityLoader - Static select for entity domain.PersonDomainModel [NONE]: select persondoma0_.PerID as PerID1_0_0_, persondoma0_.firstName as firstName2_0_0_, persondoma0_.lastName as lastName3_0_0_, persondoma0_.street as street4_0_0_, persondoma0_.postalCode as postalCode5_0_0_, persondoma0_.city as city6_0_0_, persondoma0_.birthday as birthday7_0_0_ from CISC181.per persondoma0_ where persondoma0_.PerID=?
16:36:41.712 [main] DEBUG o.h.l.p.b.i.spaces.QuerySpacesImpl - Adding QuerySpace : uid = &lt;gen:0&gt; -&gt; org.hibernate.loader.plan.build.internal.spaces.EntityQuerySpaceImpl@1c6e0a08]
16:36:41.713 [main] DEBUG o.h.p.w.spi.MetamodelGraphWalker - Visiting attribute path : firstName
16:36:41.713 [main] DEBUG o.h.p.w.spi.MetamodelGraphWalker - Visiting attribute path : lastName
16:36:41.713 [main] DEBUG o.h.p.w.spi.MetamodelGraphWalker - Visiting attribute path : street
16:36:41.713 [main] DEBUG o.h.p.w.spi.MetamodelGraphWalker - Visiting attribute path : postalCode
16:36:41.713 [main] DEBUG o.h.p.w.spi.MetamodelGraphWalker - Visiting attribute path : city
16:36:41.713 [main] DEBUG o.h.p.w.spi.MetamodelGraphWalker - Visiting attribute path : birthday
16:36:41.713 [main] DEBUG o.h.l.p.b.i.FetchStyleLoadPlanBuildingAssociationVisitationStrategy - Building LoadPlan...
16:36:41.713 [main] DEBUG o.h.l.p.e.i.LoadQueryJoinAndFetchProcessor - processing queryspace &lt;gen:0&gt;
16:36:41.714 [main] DEBUG o.h.l.p.b.spi.LoadPlanTreePrinter - LoadPlan(entity=domain.PersonDomainModel)
    - Returns
       - EntityReturnImpl(entity=domain.PersonDomainModel, querySpaceUid=&lt;gen:0&gt;, path=domain.PersonDomainModel)
    - QuerySpaces
       - EntityQuerySpaceImpl(uid=&lt;gen:0&gt;, entity=domain.PersonDomainModel)
          - SQL table alias mapping - persondoma0_
          - alias suffix - 0_
          - suffixed key columns - {PerID1_0_0_}

16:36:41.714 [main] DEBUG o.h.loader.entity.plan.EntityLoader - Static select for entity domain.PersonDomainModel [READ]: select persondoma0_.PerID as PerID1_0_0_, persondoma0_.firstName as firstName2_0_0_, persondoma0_.lastName as lastName3_0_0_, persondoma0_.street as street4_0_0_, persondoma0_.postalCode as postalCode5_0_0_, persondoma0_.city as city6_0_0_, persondoma0_.birthday as birthday7_0_0_ from CISC181.per persondoma0_ where persondoma0_.PerID=?
16:36:41.714 [main] DEBUG o.h.l.p.b.i.spaces.QuerySpacesImpl - Adding QuerySpace : uid = &lt;gen:0&gt; -&gt; org.hibernate.loader.plan.build.internal.spaces.EntityQuerySpaceImpl@1efdcd5]
16:36:41.715 [main] DEBUG o.h.p.w.spi.MetamodelGraphWalker - Visiting attribute path : firstName
16:36:41.715 [main] DEBUG o.h.p.w.spi.MetamodelGraphWalker - Visiting attribute path : lastName
16:36:41.715 [main] DEBUG o.h.p.w.spi.MetamodelGraphWalker - Visiting attribute path : street
16:36:41.715 [main] DEBUG o.h.p.w.spi.MetamodelGraphWalker - Visiting attribute path : postalCode
16:36:41.715 [main] DEBUG o.h.p.w.spi.MetamodelGraphWalker - Visiting attribute path : city
16:36:41.715 [main] DEBUG o.h.p.w.spi.MetamodelGraphWalker - Visiting attribute path : birthday
16:36:41.715 [main] DEBUG o.h.l.p.b.i.FetchStyleLoadPlanBuildingAssociationVisitationStrategy - Building LoadPlan...
16:36:41.715 [main] DEBUG o.h.l.p.e.i.LoadQueryJoinAndFetchProcessor - processing queryspace &lt;gen:0&gt;
16:36:41.716 [main] DEBUG o.h.l.p.b.spi.LoadPlanTreePrinter - LoadPlan(entity=domain.PersonDomainModel)
    - Returns
       - EntityReturnImpl(entity=domain.PersonDomainModel, querySpaceUid=&lt;gen:0&gt;, path=domain.PersonDomainModel)
    - QuerySpaces
       - EntityQuerySpaceImpl(uid=&lt;gen:0&gt;, entity=domain.PersonDomainModel)
          - SQL table alias mapping - persondoma0_
          - alias suffix - 0_
          - suffixed key columns - {PerID1_0_0_}

16:36:41.717 [main] DEBUG o.h.loader.entity.plan.EntityLoader - Static select for entity domain.PersonDomainModel [UPGRADE]: select persondoma0_.PerID as PerID1_0_0_, persondoma0_.firstName as firstName2_0_0_, persondoma0_.lastName as lastName3_0_0_, persondoma0_.street as street4_0_0_, persondoma0_.postalCode as postalCode5_0_0_, persondoma0_.city as city6_0_0_, persondoma0_.birthday as birthday7_0_0_ from CISC181.per persondoma0_ where persondoma0_.PerID=? for update
16:36:41.717 [main] DEBUG o.h.l.p.b.i.spaces.QuerySpacesImpl - Adding QuerySpace : uid = &lt;gen:0&gt; -&gt; org.hibernate.loader.plan.build.internal.spaces.EntityQuerySpaceImpl@7af1cd63]
16:36:41.718 [main] DEBUG o.h.p.w.spi.MetamodelGraphWalker - Visiting attribute path : firstName
16:36:41.718 [main] DEBUG o.h.p.w.spi.MetamodelGraphWalker - Visiting attribute path : lastName
16:36:41.718 [main] DEBUG o.h.p.w.spi.MetamodelGraphWalker - Visiting attribute path : street
16:36:41.718 [main] DEBUG o.h.p.w.spi.MetamodelGraphWalker - Visiting attribute path : postalCode
16:36:41.718 [main] DEBUG o.h.p.w.spi.MetamodelGraphWalker - Visiting attribute path : city
16:36:41.719 [main] DEBUG o.h.p.w.spi.MetamodelGraphWalker - Visiting attribute path : birthday
16:36:41.719 [main] DEBUG o.h.l.p.b.i.FetchStyleLoadPlanBuildingAssociationVisitationStrategy - Building LoadPlan...
16:36:41.720 [main] DEBUG o.h.l.p.e.i.LoadQueryJoinAndFetchProcessor - processing queryspace &lt;gen:0&gt;
16:36:41.720 [main] DEBUG o.h.l.p.b.spi.LoadPlanTreePrinter - LoadPlan(entity=domain.PersonDomainModel)
    - Returns
       - EntityReturnImpl(entity=domain.PersonDomainModel, querySpaceUid=&lt;gen:0&gt;, path=domain.PersonDomainModel)
    - QuerySpaces
       - EntityQuerySpaceImpl(uid=&lt;gen:0&gt;, entity=domain.PersonDomainModel)
          - SQL table alias mapping - persondoma0_
          - alias suffix - 0_
          - suffixed key columns - {PerID1_0_0_}

16:36:41.721 [main] DEBUG o.h.loader.entity.plan.EntityLoader - Static select for entity domain.PersonDomainModel [UPGRADE_NOWAIT]: select persondoma0_.PerID as PerID1_0_0_, persondoma0_.firstName as firstName2_0_0_, persondoma0_.lastName as lastName3_0_0_, persondoma0_.street as street4_0_0_, persondoma0_.postalCode as postalCode5_0_0_, persondoma0_.city as city6_0_0_, persondoma0_.birthday as birthday7_0_0_ from CISC181.per persondoma0_ where persondoma0_.PerID=? for update nowait
16:36:41.721 [main] DEBUG o.h.l.p.b.i.spaces.QuerySpacesImpl - Adding QuerySpace : uid = &lt;gen:0&gt; -&gt; org.hibernate.loader.plan.build.internal.spaces.EntityQuerySpaceImpl@3c2772d1]
16:36:41.722 [main] DEBUG o.h.p.w.spi.MetamodelGraphWalker - Visiting attribute path : firstName
16:36:41.722 [main] DEBUG o.h.p.w.spi.MetamodelGraphWalker - Visiting attribute path : lastName
16:36:41.722 [main] DEBUG o.h.p.w.spi.MetamodelGraphWalker - Visiting attribute path : street
16:36:41.722 [main] DEBUG o.h.p.w.spi.MetamodelGraphWalker - Visiting attribute path : postalCode
16:36:41.722 [main] DEBUG o.h.p.w.spi.MetamodelGraphWalker - Visiting attribute path : city
16:36:41.722 [main] DEBUG o.h.p.w.spi.MetamodelGraphWalker - Visiting attribute path : birthday
16:36:41.722 [main] DEBUG o.h.l.p.b.i.FetchStyleLoadPlanBuildingAssociationVisitationStrategy - Building LoadPlan...
16:36:41.722 [main] DEBUG o.h.l.p.e.i.LoadQueryJoinAndFetchProcessor - processing queryspace &lt;gen:0&gt;
16:36:41.723 [main] DEBUG o.h.l.p.b.spi.LoadPlanTreePrinter - LoadPlan(entity=domain.PersonDomainModel)
    - Returns
       - EntityReturnImpl(entity=domain.PersonDomainModel, querySpaceUid=&lt;gen:0&gt;, path=domain.PersonDomainModel)
    - QuerySpaces
       - EntityQuerySpaceImpl(uid=&lt;gen:0&gt;, entity=domain.PersonDomainModel)
          - SQL table alias mapping - persondoma0_
          - alias suffix - 0_
          - suffixed key columns - {PerID1_0_0_}

16:36:41.723 [main] DEBUG o.h.loader.entity.plan.EntityLoader - Static select for entity domain.PersonDomainModel [UPGRADE_SKIPLOCKED]: select persondoma0_.PerID as PerID1_0_0_, persondoma0_.firstName as firstName2_0_0_, persondoma0_.lastName as lastName3_0_0_, persondoma0_.street as street4_0_0_, persondoma0_.postalCode as postalCode5_0_0_, persondoma0_.city as city6_0_0_, persondoma0_.birthday as birthday7_0_0_ from CISC181.per persondoma0_ where persondoma0_.PerID=? for update skip locked
16:36:41.724 [main] DEBUG o.h.l.p.b.i.spaces.QuerySpacesImpl - Adding QuerySpace : uid = &lt;gen:0&gt; -&gt; org.hibernate.loader.plan.build.internal.spaces.EntityQuerySpaceImpl@433e536f]
16:36:41.724 [main] DEBUG o.h.p.w.spi.MetamodelGraphWalker - Visiting attribute path : firstName
16:36:41.724 [main] DEBUG o.h.p.w.spi.MetamodelGraphWalker - Visiting attribute path : lastName
16:36:41.724 [main] DEBUG o.h.p.w.spi.MetamodelGraphWalker - Visiting attribute path : street
16:36:41.724 [main] DEBUG o.h.p.w.spi.MetamodelGraphWalker - Visiting attribute path : postalCode
16:36:41.724 [main] DEBUG o.h.p.w.spi.MetamodelGraphWalker - Visiting attribute path : city
16:36:41.724 [main] DEBUG o.h.p.w.spi.MetamodelGraphWalker - Visiting attribute path : birthday
16:36:41.724 [main] DEBUG o.h.l.p.b.i.FetchStyleLoadPlanBuildingAssociationVisitationStrategy - Building LoadPlan...
16:36:41.725 [main] DEBUG o.h.l.p.e.i.LoadQueryJoinAndFetchProcessor - processing queryspace &lt;gen:0&gt;
16:36:41.725 [main] DEBUG o.h.l.p.b.spi.LoadPlanTreePrinter - LoadPlan(entity=domain.PersonDomainModel)
    - Returns
       - EntityReturnImpl(entity=domain.PersonDomainModel, querySpaceUid=&lt;gen:0&gt;, path=domain.PersonDomainModel)
    - QuerySpaces
       - EntityQuerySpaceImpl(uid=&lt;gen:0&gt;, entity=domain.PersonDomainModel)
          - SQL table alias mapping - persondoma0_
          - alias suffix - 0_
          - suffixed key columns - {PerID1_0_0_}

16:36:41.726 [main] DEBUG o.h.loader.entity.plan.EntityLoader - Static select for entity domain.PersonDomainModel [FORCE]: select persondoma0_.PerID as PerID1_0_0_, persondoma0_.firstName as firstName2_0_0_, persondoma0_.lastName as lastName3_0_0_, persondoma0_.street as street4_0_0_, persondoma0_.postalCode as postalCode5_0_0_, persondoma0_.city as city6_0_0_, persondoma0_.birthday as birthday7_0_0_ from CISC181.per persondoma0_ where persondoma0_.PerID=? for update nowait
16:36:41.726 [main] DEBUG o.h.l.p.b.i.spaces.QuerySpacesImpl - Adding QuerySpace : uid = &lt;gen:0&gt; -&gt; org.hibernate.loader.plan.build.internal.spaces.EntityQuerySpaceImpl@faa3fed]
16:36:41.726 [main] DEBUG o.h.p.w.spi.MetamodelGraphWalker - Visiting attribute path : firstName
16:36:41.726 [main] DEBUG o.h.p.w.spi.MetamodelGraphWalker - Visiting attribute path : lastName
16:36:41.726 [main] DEBUG o.h.p.w.spi.MetamodelGraphWalker - Visiting attribute path : street
16:36:41.726 [main] DEBUG o.h.p.w.spi.MetamodelGraphWalker - Visiting attribute path : postalCode
16:36:41.726 [main] DEBUG o.h.p.w.spi.MetamodelGraphWalker - Visiting attribute path : city
16:36:41.726 [main] DEBUG o.h.p.w.spi.MetamodelGraphWalker - Visiting attribute path : birthday
16:36:41.726 [main] DEBUG o.h.l.p.b.i.FetchStyleLoadPlanBuildingAssociationVisitationStrategy - Building LoadPlan...
16:36:41.727 [main] DEBUG o.h.l.p.e.i.LoadQueryJoinAndFetchProcessor - processing queryspace &lt;gen:0&gt;
16:36:41.727 [main] DEBUG o.h.l.p.b.spi.LoadPlanTreePrinter - LoadPlan(entity=domain.PersonDomainModel)
    - Returns
       - EntityReturnImpl(entity=domain.PersonDomainModel, querySpaceUid=&lt;gen:0&gt;, path=domain.PersonDomainModel)
    - QuerySpaces
       - EntityQuerySpaceImpl(uid=&lt;gen:0&gt;, entity=domain.PersonDomainModel)
          - SQL table alias mapping - persondoma0_
          - alias suffix - 0_
          - suffixed key columns - {PerID1_0_0_}

16:36:41.728 [main] DEBUG o.h.loader.entity.plan.EntityLoader - Static select for entity domain.PersonDomainModel [PESSIMISTIC_READ]: select persondoma0_.PerID as PerID1_0_0_, persondoma0_.firstName as firstName2_0_0_, persondoma0_.lastName as lastName3_0_0_, persondoma0_.street as street4_0_0_, persondoma0_.postalCode as postalCode5_0_0_, persondoma0_.city as city6_0_0_, persondoma0_.birthday as birthday7_0_0_ from CISC181.per persondoma0_ where persondoma0_.PerID=? for update
16:36:41.728 [main] DEBUG o.h.l.p.b.i.spaces.QuerySpacesImpl - Adding QuerySpace : uid = &lt;gen:0&gt; -&gt; org.hibernate.loader.plan.build.internal.spaces.EntityQuerySpaceImpl@988246e]
16:36:41.728 [main] DEBUG o.h.p.w.spi.MetamodelGraphWalker - Visiting attribute path : firstName
16:36:41.728 [main] DEBUG o.h.p.w.spi.MetamodelGraphWalker - Visiting attribute path : lastName
16:36:41.728 [main] DEBUG o.h.p.w.spi.MetamodelGraphWalker - Visiting attribute path : street
16:36:41.728 [main] DEBUG o.h.p.w.spi.MetamodelGraphWalker - Visiting attribute path : postalCode
16:36:41.728 [main] DEBUG o.h.p.w.spi.MetamodelGraphWalker - Visiting attribute path : city
16:36:41.729 [main] DEBUG o.h.p.w.spi.MetamodelGraphWalker - Visiting attribute path : birthday
16:36:41.729 [main] DEBUG o.h.l.p.b.i.FetchStyleLoadPlanBuildingAssociationVisitationStrategy - Building LoadPlan...
16:36:41.729 [main] DEBUG o.h.l.p.e.i.LoadQueryJoinAndFetchProcessor - processing queryspace &lt;gen:0&gt;
16:36:41.730 [main] DEBUG o.h.l.p.b.spi.LoadPlanTreePrinter - LoadPlan(entity=domain.PersonDomainModel)
    - Returns
       - EntityReturnImpl(entity=domain.PersonDomainModel, querySpaceUid=&lt;gen:0&gt;, path=domain.PersonDomainModel)
    - QuerySpaces
       - EntityQuerySpaceImpl(uid=&lt;gen:0&gt;, entity=domain.PersonDomainModel)
          - SQL table alias mapping - persondoma0_
          - alias suffix - 0_
          - suffixed key columns - {PerID1_0_0_}

16:36:41.730 [main] DEBUG o.h.loader.entity.plan.EntityLoader - Static select for entity domain.PersonDomainModel [PESSIMISTIC_WRITE]: select persondoma0_.PerID as PerID1_0_0_, persondoma0_.firstName as firstName2_0_0_, persondoma0_.lastName as lastName3_0_0_, persondoma0_.street as street4_0_0_, persondoma0_.postalCode as postalCode5_0_0_, persondoma0_.city as city6_0_0_, persondoma0_.birthday as birthday7_0_0_ from CISC181.per persondoma0_ where persondoma0_.PerID=? for update
16:36:41.730 [main] DEBUG o.h.l.p.b.i.spaces.QuerySpacesImpl - Adding QuerySpace : uid = &lt;gen:0&gt; -&gt; org.hibernate.loader.plan.build.internal.spaces.EntityQuerySpaceImpl@3c5a54b7]
16:36:41.731 [main] DEBUG o.h.p.w.spi.MetamodelGraphWalker - Visiting attribute path : firstName
16:36:41.731 [main] DEBUG o.h.p.w.spi.MetamodelGraphWalker - Visiting attribute path : lastName
16:36:41.732 [main] DEBUG o.h.p.w.spi.MetamodelGraphWalker - Visiting attribute path : street
16:36:41.732 [main] DEBUG o.h.p.w.spi.MetamodelGraphWalker - Visiting attribute path : postalCode
16:36:41.732 [main] DEBUG o.h.p.w.spi.MetamodelGraphWalker - Visiting attribute path : city
16:36:41.732 [main] DEBUG o.h.p.w.spi.MetamodelGraphWalker - Visiting attribute path : birthday
16:36:41.732 [main] DEBUG o.h.l.p.b.i.FetchStyleLoadPlanBuildingAssociationVisitationStrategy - Building LoadPlan...
16:36:41.733 [main] DEBUG o.h.l.p.e.i.LoadQueryJoinAndFetchProcessor - processing queryspace &lt;gen:0&gt;
16:36:41.733 [main] DEBUG o.h.l.p.b.spi.LoadPlanTreePrinter - LoadPlan(entity=domain.PersonDomainModel)
    - Returns
       - EntityReturnImpl(entity=domain.PersonDomainModel, querySpaceUid=&lt;gen:0&gt;, path=domain.PersonDomainModel)
    - QuerySpaces
       - EntityQuerySpaceImpl(uid=&lt;gen:0&gt;, entity=domain.PersonDomainModel)
          - SQL table alias mapping - persondoma0_
          - alias suffix - 0_
          - suffixed key columns - {PerID1_0_0_}

16:36:41.734 [main] DEBUG o.h.loader.entity.plan.EntityLoader - Static select for entity domain.PersonDomainModel [PESSIMISTIC_FORCE_INCREMENT]: select persondoma0_.PerID as PerID1_0_0_, persondoma0_.firstName as firstName2_0_0_, persondoma0_.lastName as lastName3_0_0_, persondoma0_.street as street4_0_0_, persondoma0_.postalCode as postalCode5_0_0_, persondoma0_.city as city6_0_0_, persondoma0_.birthday as birthday7_0_0_ from CISC181.per persondoma0_ where persondoma0_.PerID=? for update nowait
16:36:41.734 [main] DEBUG o.h.l.p.b.i.spaces.QuerySpacesImpl - Adding QuerySpace : uid = &lt;gen:0&gt; -&gt; org.hibernate.loader.plan.build.internal.spaces.EntityQuerySpaceImpl@291120f4]
16:36:41.734 [main] DEBUG o.h.p.w.spi.MetamodelGraphWalker - Visiting attribute path : firstName
16:36:41.735 [main] DEBUG o.h.p.w.spi.MetamodelGraphWalker - Visiting attribute path : lastName
16:36:41.736 [main] DEBUG o.h.p.w.spi.MetamodelGraphWalker - Visiting attribute path : street
16:36:41.737 [main] DEBUG o.h.p.w.spi.MetamodelGraphWalker - Visiting attribute path : postalCode
16:36:41.737 [main] DEBUG o.h.p.w.spi.MetamodelGraphWalker - Visiting attribute path : city
16:36:41.737 [main] DEBUG o.h.p.w.spi.MetamodelGraphWalker - Visiting attribute path : birthday
16:36:41.738 [main] DEBUG o.h.l.p.b.i.FetchStyleLoadPlanBuildingAssociationVisitationStrategy - Building LoadPlan...
16:36:41.738 [main] DEBUG o.h.l.p.e.i.LoadQueryJoinAndFetchProcessor - processing queryspace &lt;gen:0&gt;
16:36:41.740 [main] DEBUG o.h.l.p.b.spi.LoadPlanTreePrinter - LoadPlan(entity=domain.PersonDomainModel)
    - Returns
       - EntityReturnImpl(entity=domain.PersonDomainModel, querySpaceUid=&lt;gen:0&gt;, path=domain.PersonDomainModel)
    - QuerySpaces
       - EntityQuerySpaceImpl(uid=&lt;gen:0&gt;, entity=domain.PersonDomainModel)
          - SQL table alias mapping - persondoma0_
          - alias suffix - 0_
          - suffixed key columns - {PerID1_0_0_}

16:36:41.740 [main] DEBUG o.h.loader.entity.plan.EntityLoader - Static select for entity domain.PersonDomainModel [OPTIMISTIC]: select persondoma0_.PerID as PerID1_0_0_, persondoma0_.firstName as firstName2_0_0_, persondoma0_.lastName as lastName3_0_0_, persondoma0_.street as street4_0_0_, persondoma0_.postalCode as postalCode5_0_0_, persondoma0_.city as city6_0_0_, persondoma0_.birthday as birthday7_0_0_ from CISC181.per persondoma0_ where persondoma0_.PerID=?
16:36:41.746 [main] DEBUG o.h.l.p.b.i.spaces.QuerySpacesImpl - Adding QuerySpace : uid = &lt;gen:0&gt; -&gt; org.hibernate.loader.plan.build.internal.spaces.EntityQuerySpaceImpl@2f6bcf87]
16:36:41.747 [main] DEBUG o.h.p.w.spi.MetamodelGraphWalker - Visiting attribute path : firstName
16:36:41.747 [main] DEBUG o.h.p.w.spi.MetamodelGraphWalker - Visiting attribute path : lastName
16:36:41.748 [main] DEBUG o.h.p.w.spi.MetamodelGraphWalker - Visiting attribute path : street
16:36:41.748 [main] DEBUG o.h.p.w.spi.MetamodelGraphWalker - Visiting attribute path : postalCode
16:36:41.748 [main] DEBUG o.h.p.w.spi.MetamodelGraphWalker - Visiting attribute path : city
16:36:41.748 [main] DEBUG o.h.p.w.spi.MetamodelGraphWalker - Visiting attribute path : birthday
16:36:41.748 [main] DEBUG o.h.l.p.b.i.FetchStyleLoadPlanBuildingAssociationVisitationStrategy - Building LoadPlan...
16:36:41.749 [main] DEBUG o.h.l.p.e.i.LoadQueryJoinAndFetchProcessor - processing queryspace &lt;gen:0&gt;
16:36:41.750 [main] DEBUG o.h.l.p.b.spi.LoadPlanTreePrinter - LoadPlan(entity=domain.PersonDomainModel)
    - Returns
       - EntityReturnImpl(entity=domain.PersonDomainModel, querySpaceUid=&lt;gen:0&gt;, path=domain.PersonDomainModel)
    - QuerySpaces
       - EntityQuerySpaceImpl(uid=&lt;gen:0&gt;, entity=domain.PersonDomainModel)
          - SQL table alias mapping - persondoma0_
          - alias suffix - 0_
          - suffixed key columns - {PerID1_0_0_}

16:36:41.750 [main] DEBUG o.h.loader.entity.plan.EntityLoader - Static select for entity domain.PersonDomainModel [OPTIMISTIC_FORCE_INCREMENT]: select persondoma0_.PerID as PerID1_0_0_, persondoma0_.firstName as firstName2_0_0_, persondoma0_.lastName as lastName3_0_0_, persondoma0_.street as street4_0_0_, persondoma0_.postalCode as postalCode5_0_0_, persondoma0_.city as city6_0_0_, persondoma0_.birthday as birthday7_0_0_ from CISC181.per persondoma0_ where persondoma0_.PerID=?
16:36:41.794 [main] DEBUG org.hibernate.loader.Loader - Static select for action ACTION_MERGE on entity domain.PersonDomainModel: select persondoma0_.PerID as PerID1_0_0_, persondoma0_.firstName as firstName2_0_0_, persondoma0_.lastName as lastName3_0_0_, persondoma0_.street as street4_0_0_, persondoma0_.postalCode as postalCode5_0_0_, persondoma0_.city as city6_0_0_, persondoma0_.birthday as birthday7_0_0_ from CISC181.per persondoma0_ where persondoma0_.PerID=?
16:36:41.795 [main] DEBUG org.hibernate.loader.Loader - Static select for action ACTION_REFRESH on entity domain.PersonDomainModel: select persondoma0_.PerID as PerID1_0_0_, persondoma0_.firstName as firstName2_0_0_, persondoma0_.lastName as lastName3_0_0_, persondoma0_.street as street4_0_0_, persondoma0_.postalCode as postalCode5_0_0_, persondoma0_.city as city6_0_0_, persondoma0_.birthday as birthday7_0_0_ from CISC181.per persondoma0_ where persondoma0_.PerID=?
16:36:41.795 [main] DEBUG o.h.p.entity.AbstractEntityPersister - Static SQL for entity: domain.StudentDomainModel
16:36:41.795 [main] DEBUG o.h.p.entity.AbstractEntityPersister -  Version select: select StudentID from CISC181.stu where StudentID =?
16:36:41.795 [main] DEBUG o.h.p.entity.AbstractEntityPersister -  Snapshot select: select studentdom_.StudentID, studentdom_.FirstName as FirstName2_1_, studentdom_.MiddleName as MiddleName3_1_, studentdom_.LastName as LastName4_1_, studentdom_.DOB as DOB5_1_ from CISC181.stu studentdom_ where studentdom_.StudentID=?
16:36:41.795 [main] DEBUG o.h.p.entity.AbstractEntityPersister -  Insert 0: insert into CISC181.stu (FirstName, MiddleName, LastName, DOB, StudentID) values (?, ?, ?, ?, ?)
16:36:41.796 [main] DEBUG o.h.p.entity.AbstractEntityPersister -  Update 0: update CISC181.stu set FirstName=?, MiddleName=?, LastName=?, DOB=? where StudentID=?
16:36:41.796 [main] DEBUG o.h.p.entity.AbstractEntityPersister -  Delete 0: delete from CISC181.stu where StudentID=?
16:36:41.796 [main] DEBUG o.h.l.p.b.i.spaces.QuerySpacesImpl - Adding QuerySpace : uid = &lt;gen:0&gt; -&gt; org.hibernate.loader.plan.build.internal.spaces.EntityQuerySpaceImpl@400d912a]
16:36:41.797 [main] DEBUG o.h.p.w.spi.MetamodelGraphWalker - Visiting attribute path : FirstName
16:36:41.797 [main] DEBUG o.h.p.w.spi.MetamodelGraphWalker - Visiting attribute path : MiddleName
16:36:41.797 [main] DEBUG o.h.p.w.spi.MetamodelGraphWalker - Visiting attribute path : LastName
16:36:41.797 [main] DEBUG o.h.p.w.spi.MetamodelGraphWalker - Visiting attribute path : DOB
16:36:41.797 [main] DEBUG o.h.l.p.b.i.FetchStyleLoadPlanBuildingAssociationVisitationStrategy - Building LoadPlan...
16:36:41.798 [main] DEBUG o.h.l.p.e.i.LoadQueryJoinAndFetchProcessor - processing queryspace &lt;gen:0&gt;
16:36:41.798 [main] DEBUG o.h.l.p.b.spi.LoadPlanTreePrinter - LoadPlan(entity=domain.StudentDomainModel)
    - Returns
       - EntityReturnImpl(entity=domain.StudentDomainModel, querySpaceUid=&lt;gen:0&gt;, path=domain.StudentDomainModel)
    - QuerySpaces
       - EntityQuerySpaceImpl(uid=&lt;gen:0&gt;, entity=domain.StudentDomainModel)
          - SQL table alias mapping - studentdom0_
          - alias suffix - 0_
          - suffixed key columns - {StudentID1_1_0_}

16:36:41.799 [main] DEBUG o.h.loader.entity.plan.EntityLoader - Static select for entity domain.StudentDomainModel [NONE]: select studentdom0_.StudentID as StudentID1_1_0_, studentdom0_.FirstName as FirstName2_1_0_, studentdom0_.MiddleName as MiddleName3_1_0_, studentdom0_.LastName as LastName4_1_0_, studentdom0_.DOB as DOB5_1_0_ from CISC181.stu studentdom0_ where studentdom0_.StudentID=?
16:36:41.799 [main] DEBUG o.h.l.p.b.i.spaces.QuerySpacesImpl - Adding QuerySpace : uid = &lt;gen:0&gt; -&gt; org.hibernate.loader.plan.build.internal.spaces.EntityQuerySpaceImpl@7a94b64e]
16:36:41.800 [main] DEBUG o.h.p.w.spi.MetamodelGraphWalker - Visiting attribute path : FirstName
16:36:41.802 [main] DEBUG o.h.p.w.spi.MetamodelGraphWalker - Visiting attribute path : MiddleName
16:36:41.803 [main] DEBUG o.h.p.w.spi.MetamodelGraphWalker - Visiting attribute path : LastName
16:36:41.803 [main] DEBUG o.h.p.w.spi.MetamodelGraphWalker - Visiting attribute path : DOB
16:36:41.804 [main] DEBUG o.h.l.p.b.i.FetchStyleLoadPlanBuildingAssociationVisitationStrategy - Building LoadPlan...
16:36:41.804 [main] DEBUG o.h.l.p.e.i.LoadQueryJoinAndFetchProcessor - processing queryspace &lt;gen:0&gt;
16:36:41.807 [main] DEBUG o.h.l.p.b.spi.LoadPlanTreePrinter - LoadPlan(entity=domain.StudentDomainModel)
    - Returns
       - EntityReturnImpl(entity=domain.StudentDomainModel, querySpaceUid=&lt;gen:0&gt;, path=domain.StudentDomainModel)
    - QuerySpaces
       - EntityQuerySpaceImpl(uid=&lt;gen:0&gt;, entity=domain.StudentDomainModel)
          - SQL table alias mapping - studentdom0_
          - alias suffix - 0_
          - suffixed key columns - {StudentID1_1_0_}

16:36:41.807 [main] DEBUG o.h.loader.entity.plan.EntityLoader - Static select for entity domain.StudentDomainModel [READ]: select studentdom0_.StudentID as StudentID1_1_0_, studentdom0_.FirstName as FirstName2_1_0_, studentdom0_.MiddleName as MiddleName3_1_0_, studentdom0_.LastName as LastName4_1_0_, studentdom0_.DOB as DOB5_1_0_ from CISC181.stu studentdom0_ where studentdom0_.StudentID=?
16:36:41.808 [main] DEBUG o.h.l.p.b.i.spaces.QuerySpacesImpl - Adding QuerySpace : uid = &lt;gen:0&gt; -&gt; org.hibernate.loader.plan.build.internal.spaces.EntityQuerySpaceImpl@12477988]
16:36:41.808 [main] DEBUG o.h.p.w.spi.MetamodelGraphWalker - Visiting attribute path : FirstName
16:36:41.808 [main] DEBUG o.h.p.w.spi.MetamodelGraphWalker - Visiting attribute path : MiddleName
16:36:41.808 [main] DEBUG o.h.p.w.spi.MetamodelGraphWalker - Visiting attribute path : LastName
16:36:41.809 [main] DEBUG o.h.p.w.spi.MetamodelGraphWalker - Visiting attribute path : DOB
16:36:41.810 [main] DEBUG o.h.l.p.b.i.FetchStyleLoadPlanBuildingAssociationVisitationStrategy - Building LoadPlan...
16:36:41.810 [main] DEBUG o.h.l.p.e.i.LoadQueryJoinAndFetchProcessor - processing queryspace &lt;gen:0&gt;
16:36:41.813 [main] DEBUG o.h.l.p.b.spi.LoadPlanTreePrinter - LoadPlan(entity=domain.StudentDomainModel)
    - Returns
       - EntityReturnImpl(entity=domain.StudentDomainModel, querySpaceUid=&lt;gen:0&gt;, path=domain.StudentDomainModel)
    - QuerySpaces
       - EntityQuerySpaceImpl(uid=&lt;gen:0&gt;, entity=domain.StudentDomainModel)
          - SQL table alias mapping - studentdom0_
          - alias suffix - 0_
          - suffixed key columns - {StudentID1_1_0_}

16:36:41.813 [main] DEBUG o.h.loader.entity.plan.EntityLoader - Static select for entity domain.StudentDomainModel [UPGRADE]: select studentdom0_.StudentID as StudentID1_1_0_, studentdom0_.FirstName as FirstName2_1_0_, studentdom0_.MiddleName as MiddleName3_1_0_, studentdom0_.LastName as LastName4_1_0_, studentdom0_.DOB as DOB5_1_0_ from CISC181.stu studentdom0_ where studentdom0_.StudentID=? for update
16:36:41.823 [main] DEBUG o.h.l.p.b.i.spaces.QuerySpacesImpl - Adding QuerySpace : uid = &lt;gen:0&gt; -&gt; org.hibernate.loader.plan.build.internal.spaces.EntityQuerySpaceImpl@73d69c0f]
16:36:41.825 [main] DEBUG o.h.p.w.spi.MetamodelGraphWalker - Visiting attribute path : FirstName
16:36:41.827 [main] DEBUG o.h.p.w.spi.MetamodelGraphWalker - Visiting attribute path : MiddleName
16:36:41.827 [main] DEBUG o.h.p.w.spi.MetamodelGraphWalker - Visiting attribute path : LastName
16:36:41.828 [main] DEBUG o.h.p.w.spi.MetamodelGraphWalker - Visiting attribute path : DOB
16:36:41.830 [main] DEBUG o.h.l.p.b.i.FetchStyleLoadPlanBuildingAssociationVisitationStrategy - Building LoadPlan...
16:36:41.834 [main] DEBUG o.h.l.p.e.i.LoadQueryJoinAndFetchProcessor - processing queryspace &lt;gen:0&gt;
16:36:41.835 [main] DEBUG o.h.l.p.b.spi.LoadPlanTreePrinter - LoadPlan(entity=domain.StudentDomainModel)
    - Returns
       - EntityReturnImpl(entity=domain.StudentDomainModel, querySpaceUid=&lt;gen:0&gt;, path=domain.StudentDomainModel)
    - QuerySpaces
       - EntityQuerySpaceImpl(uid=&lt;gen:0&gt;, entity=domain.StudentDomainModel)
          - SQL table alias mapping - studentdom0_
          - alias suffix - 0_
          - suffixed key columns - {StudentID1_1_0_}

16:36:41.836 [main] DEBUG o.h.loader.entity.plan.EntityLoader - Static select for entity domain.StudentDomainModel [UPGRADE_NOWAIT]: select studentdom0_.StudentID as StudentID1_1_0_, studentdom0_.FirstName as FirstName2_1_0_, studentdom0_.MiddleName as MiddleName3_1_0_, studentdom0_.LastName as LastName4_1_0_, studentdom0_.DOB as DOB5_1_0_ from CISC181.stu studentdom0_ where studentdom0_.StudentID=? for update nowait
16:36:41.838 [main] DEBUG o.h.l.p.b.i.spaces.QuerySpacesImpl - Adding QuerySpace : uid = &lt;gen:0&gt; -&gt; org.hibernate.loader.plan.build.internal.spaces.EntityQuerySpaceImpl@1d01dfa5]
16:36:41.838 [main] DEBUG o.h.p.w.spi.MetamodelGraphWalker - Visiting attribute path : FirstName
16:36:41.838 [main] DEBUG o.h.p.w.spi.MetamodelGraphWalker - Visiting attribute path : MiddleName
16:36:41.838 [main] DEBUG o.h.p.w.spi.MetamodelGraphWalker - Visiting attribute path : LastName
16:36:41.838 [main] DEBUG o.h.p.w.spi.MetamodelGraphWalker - Visiting attribute path : DOB
16:36:41.838 [main] DEBUG o.h.l.p.b.i.FetchStyleLoadPlanBuildingAssociationVisitationStrategy - Building LoadPlan...
16:36:41.840 [main] DEBUG o.h.l.p.e.i.LoadQueryJoinAndFetchProcessor - processing queryspace &lt;gen:0&gt;
16:36:41.841 [main] DEBUG o.h.l.p.b.spi.LoadPlanTreePrinter - LoadPlan(entity=domain.StudentDomainModel)
    - Returns
       - EntityReturnImpl(entity=domain.StudentDomainModel, querySpaceUid=&lt;gen:0&gt;, path=domain.StudentDomainModel)
    - QuerySpaces
       - EntityQuerySpaceImpl(uid=&lt;gen:0&gt;, entity=domain.StudentDomainModel)
          - SQL table alias mapping - studentdom0_
          - alias suffix - 0_
          - suffixed key columns - {StudentID1_1_0_}

16:36:41.842 [main] DEBUG o.h.loader.entity.plan.EntityLoader - Static select for entity domain.StudentDomainModel [UPGRADE_SKIPLOCKED]: select studentdom0_.StudentID as StudentID1_1_0_, studentdom0_.FirstName as FirstName2_1_0_, studentdom0_.MiddleName as MiddleName3_1_0_, studentdom0_.LastName as LastName4_1_0_, studentdom0_.DOB as DOB5_1_0_ from CISC181.stu studentdom0_ where studentdom0_.StudentID=? for update skip locked
16:36:41.843 [main] DEBUG o.h.l.p.b.i.spaces.QuerySpacesImpl - Adding QuerySpace : uid = &lt;gen:0&gt; -&gt; org.hibernate.loader.plan.build.internal.spaces.EntityQuerySpaceImpl@d400943]
16:36:41.844 [main] DEBUG o.h.p.w.spi.MetamodelGraphWalker - Visiting attribute path : FirstName
16:36:41.845 [main] DEBUG o.h.p.w.spi.MetamodelGraphWalker - Visiting attribute path : MiddleName
16:36:41.845 [main] DEBUG o.h.p.w.spi.MetamodelGraphWalker - Visiting attribute path : LastName
16:36:41.845 [main] DEBUG o.h.p.w.spi.MetamodelGraphWalker - Visiting attribute path : DOB
16:36:41.845 [main] DEBUG o.h.l.p.b.i.FetchStyleLoadPlanBuildingAssociationVisitationStrategy - Building LoadPlan...
16:36:41.846 [main] DEBUG o.h.l.p.e.i.LoadQueryJoinAndFetchProcessor - processing queryspace &lt;gen:0&gt;
16:36:41.847 [main] DEBUG o.h.l.p.b.spi.LoadPlanTreePrinter - LoadPlan(entity=domain.StudentDomainModel)
    - Returns
       - EntityReturnImpl(entity=domain.StudentDomainModel, querySpaceUid=&lt;gen:0&gt;, path=domain.StudentDomainModel)
    - QuerySpaces
       - EntityQuerySpaceImpl(uid=&lt;gen:0&gt;, entity=domain.StudentDomainModel)
          - SQL table alias mapping - studentdom0_
          - alias suffix - 0_
          - suffixed key columns - {StudentID1_1_0_}

16:36:41.848 [main] DEBUG o.h.loader.entity.plan.EntityLoader - Static select for entity domain.StudentDomainModel [FORCE]: select studentdom0_.StudentID as StudentID1_1_0_, studentdom0_.FirstName as FirstName2_1_0_, studentdom0_.MiddleName as MiddleName3_1_0_, studentdom0_.LastName as LastName4_1_0_, studentdom0_.DOB as DOB5_1_0_ from CISC181.stu studentdom0_ where studentdom0_.StudentID=? for update nowait
16:36:41.848 [main] DEBUG o.h.l.p.b.i.spaces.QuerySpacesImpl - Adding QuerySpace : uid = &lt;gen:0&gt; -&gt; org.hibernate.loader.plan.build.internal.spaces.EntityQuerySpaceImpl@31ff1390]
16:36:41.849 [main] DEBUG o.h.p.w.spi.MetamodelGraphWalker - Visiting attribute path : FirstName
16:36:41.852 [main] DEBUG o.h.p.w.spi.MetamodelGraphWalker - Visiting attribute path : MiddleName
16:36:41.853 [main] DEBUG o.h.p.w.spi.MetamodelGraphWalker - Visiting attribute path : LastName
16:36:41.855 [main] DEBUG o.h.p.w.spi.MetamodelGraphWalker - Visiting attribute path : DOB
16:36:41.855 [main] DEBUG o.h.l.p.b.i.FetchStyleLoadPlanBuildingAssociationVisitationStrategy - Building LoadPlan...
16:36:41.857 [main] DEBUG o.h.l.p.e.i.LoadQueryJoinAndFetchProcessor - processing queryspace &lt;gen:0&gt;
16:36:41.858 [main] DEBUG o.h.l.p.b.spi.LoadPlanTreePrinter - LoadPlan(entity=domain.StudentDomainModel)
    - Returns
       - EntityReturnImpl(entity=domain.StudentDomainModel, querySpaceUid=&lt;gen:0&gt;, path=domain.StudentDomainModel)
    - QuerySpaces
       - EntityQuerySpaceImpl(uid=&lt;gen:0&gt;, entity=domain.StudentDomainModel)
          - SQL table alias mapping - studentdom0_
          - alias suffix - 0_
          - suffixed key columns - {StudentID1_1_0_}

16:36:41.858 [main] DEBUG o.h.loader.entity.plan.EntityLoader - Static select for entity domain.StudentDomainModel [PESSIMISTIC_READ]: select studentdom0_.StudentID as StudentID1_1_0_, studentdom0_.FirstName as FirstName2_1_0_, studentdom0_.MiddleName as MiddleName3_1_0_, studentdom0_.LastName as LastName4_1_0_, studentdom0_.DOB as DOB5_1_0_ from CISC181.stu studentdom0_ where studentdom0_.StudentID=? for update
16:36:41.858 [main] DEBUG o.h.l.p.b.i.spaces.QuerySpacesImpl - Adding QuerySpace : uid = &lt;gen:0&gt; -&gt; org.hibernate.loader.plan.build.internal.spaces.EntityQuerySpaceImpl@781a9412]
16:36:41.858 [main] DEBUG o.h.p.w.spi.MetamodelGraphWalker - Visiting attribute path : FirstName
16:36:41.859 [main] DEBUG o.h.p.w.spi.MetamodelGraphWalker - Visiting attribute path : MiddleName
16:36:41.859 [main] DEBUG o.h.p.w.spi.MetamodelGraphWalker - Visiting attribute path : LastName
16:36:41.859 [main] DEBUG o.h.p.w.spi.MetamodelGraphWalker - Visiting attribute path : DOB
16:36:41.859 [main] DEBUG o.h.l.p.b.i.FetchStyleLoadPlanBuildingAssociationVisitationStrategy - Building LoadPlan...
16:36:41.860 [main] DEBUG o.h.l.p.e.i.LoadQueryJoinAndFetchProcessor - processing queryspace &lt;gen:0&gt;
16:36:41.860 [main] DEBUG o.h.l.p.b.spi.LoadPlanTreePrinter - LoadPlan(entity=domain.StudentDomainModel)
    - Returns
       - EntityReturnImpl(entity=domain.StudentDomainModel, querySpaceUid=&lt;gen:0&gt;, path=domain.StudentDomainModel)
    - QuerySpaces
       - EntityQuerySpaceImpl(uid=&lt;gen:0&gt;, entity=domain.StudentDomainModel)
          - SQL table alias mapping - studentdom0_
          - alias suffix - 0_
          - suffixed key columns - {StudentID1_1_0_}

16:36:41.860 [main] DEBUG o.h.loader.entity.plan.EntityLoader - Static select for entity domain.StudentDomainModel [PESSIMISTIC_WRITE]: select studentdom0_.StudentID as StudentID1_1_0_, studentdom0_.FirstName as FirstName2_1_0_, studentdom0_.MiddleName as MiddleName3_1_0_, studentdom0_.LastName as LastName4_1_0_, studentdom0_.DOB as DOB5_1_0_ from CISC181.stu studentdom0_ where studentdom0_.StudentID=? for update
[...]
16:36:43.872 [main] DEBUG o.h.r.j.i.ResourceRegistryStandardImpl - HHH000387: ResultSet&apos;s statement was not registered
16:36:43.872 [main] DEBUG o.h.l.e.p.AbstractLoadPlanBasedEntityLoader - Done entity load : domain.PersonDomainModel#3dfebc30-ce2f-4d17-b924-ad7ab15fe277
</system-out>
  </testcase>
  <testcase classname="base.Person_Test" name="DeletePersonTest" time="9.174">
    <error message="attempt to create delete event with null entity" type="java.lang.IllegalArgumentException">java.lang.IllegalArgumentException: attempt to create delete event with null entity
	at org.hibernate.event.spi.DeleteEvent.&lt;init&gt;(DeleteEvent.java:31)
	at org.hibernate.internal.SessionImpl.delete(SessionImpl.java:859)
	at base.PersonDAL.deletePerson(PersonDAL.java:99)
	at base.Person_Test.tearDown(Person_Test.java:51)
	at sun.reflect.NativeMethodAccessorImpl.invoke0(Native Method)
	at sun.reflect.NativeMethodAccessorImpl.invoke(NativeMethodAccessorImpl.java:62)
	at sun.reflect.DelegatingMethodAccessorImpl.invoke(DelegatingMethodAccessorImpl.java:43)
	at java.lang.reflect.Method.invoke(Method.java:497)
	at org.junit.runners.model.FrameworkMethod$1.runReflectiveCall(FrameworkMethod.java:47)
	at org.junit.internal.runners.model.ReflectiveCallable.run(ReflectiveCallable.java:12)
	at org.junit.runners.model.FrameworkMethod.invokeExplosively(FrameworkMethod.java:44)
	at org.junit.internal.runners.statements.RunAfters.evaluate(RunAfters.java:33)
	at org.junit.runners.ParentRunner.runLeaf(ParentRunner.java:271)
	at org.junit.runners.BlockJUnit4ClassRunner.runChild(BlockJUnit4ClassRunner.java:70)
	at org.junit.runners.BlockJUnit4ClassRunner.runChild(BlockJUnit4ClassRunner.java:50)
	at org.junit.runners.ParentRunner$3.run(ParentRunner.java:238)
	at org.junit.runners.ParentRunner$1.schedule(ParentRunner.java:63)
	at org.junit.runners.ParentRunner.runChildren(ParentRunner.java:236)
	at org.junit.runners.ParentRunner.access$000(ParentRunner.java:53)
	at org.junit.runners.ParentRunner$2.evaluate(ParentRunner.java:229)
	at org.junit.internal.runners.statements.RunBefores.evaluate(RunBefores.java:26)
	at org.junit.internal.runners.statements.RunAfters.evaluate(RunAfters.java:27)
	at org.junit.runners.ParentRunner.run(ParentRunner.java:309)
	at org.apache.maven.surefire.junit4.JUnit4Provider.execute(JUnit4Provider.java:252)
	at org.apache.maven.surefire.junit4.JUnit4Provider.executeTestSet(JUnit4Provider.java:141)
	at org.apache.maven.surefire.junit4.JUnit4Provider.invoke(JUnit4Provider.java:112)
	at sun.reflect.NativeMethodAccessorImpl.invoke0(Native Method)
	at sun.reflect.NativeMethodAccessorImpl.invoke(NativeMethodAccessorImpl.java:62)
	at sun.reflect.DelegatingMethodAccessorImpl.invoke(DelegatingMethodAccessorImpl.java:43)
	at java.lang.reflect.Method.invoke(Method.java:497)
	at org.apache.maven.surefire.util.ReflectionUtils.invokeMethodWithArray(ReflectionUtils.java:189)
	at org.apache.maven.surefire.booter.ProviderFactory$ProviderProxy.invoke(ProviderFactory.java:165)
	at org.apache.maven.surefire.booter.ProviderFactory.invokeProvider(ProviderFactory.java:85)
	at org.apache.maven.surefire.booter.ForkedBooter.runSuitesInProcess(ForkedBooter.java:115)
	at org.apache.maven.surefire.booter.ForkedBooter.main(ForkedBooter.java:75)
</error>
  </testcase>
  <testcase classname="base.Person_Test" name="UpdatePersonTest" time="0.017">
    <error message="Index: 0, Size: 0" type="java.lang.IndexOutOfBoundsException">java.lang.IndexOutOfBoundsException: Index: 0, Size: 0
	at java.util.ArrayList.rangeCheck(ArrayList.java:653)
	at java.util.ArrayList.get(ArrayList.java:429)
	at base.PersonDAL.getPer(PersonDAL.java:77)
	at base.Person_Test.UpdatePersonTest(Person_Test.java:74)
	at sun.reflect.NativeMethodAccessorImpl.invoke0(Native Method)
	at sun.reflect.NativeMethodAccessorImpl.invoke(NativeMethodAccessorImpl.java:62)
	at sun.reflect.DelegatingMethodAccessorImpl.invoke(DelegatingMethodAccessorImpl.java:43)
	at java.lang.reflect.Method.invoke(Method.java:497)
	at org.junit.runners.model.FrameworkMethod$1.runReflectiveCall(FrameworkMethod.java:47)
	at org.junit.internal.runners.model.ReflectiveCallable.run(ReflectiveCallable.java:12)
	at org.junit.runners.model.FrameworkMethod.invokeExplosively(FrameworkMethod.java:44)
	at org.junit.internal.runners.statements.InvokeMethod.evaluate(InvokeMethod.java:17)
	at org.junit.internal.runners.statements.RunBefores.evaluate(RunBefores.java:26)
	at org.junit.internal.runners.statements.RunAfters.evaluate(RunAfters.java:27)
	at org.junit.runners.ParentRunner.runLeaf(ParentRunner.java:271)
	at org.junit.runners.BlockJUnit4ClassRunner.runChild(BlockJUnit4ClassRunner.java:70)
	at org.junit.runners.BlockJUnit4ClassRunner.runChild(BlockJUnit4ClassRunner.java:50)
	at org.junit.runners.ParentRunner$3.run(ParentRunner.java:238)
	at org.junit.runners.ParentRunner$1.schedule(ParentRunner.java:63)
	at org.junit.runners.ParentRunner.runChildren(ParentRunner.java:236)
	at org.junit.runners.ParentRunner.access$000(ParentRunner.java:53)
	at org.junit.runners.ParentRunner$2.evaluate(ParentRunner.java:229)
	at org.junit.internal.runners.statements.RunBefores.evaluate(RunBefores.java:26)
	at org.junit.internal.runners.statements.RunAfters.evaluate(RunAfters.java:27)
	at org.junit.runners.ParentRunner.run(ParentRunner.java:309)
	at org.apache.maven.surefire.junit4.JUnit4Provider.execute(JUnit4Provider.java:252)
	at org.apache.maven.surefire.junit4.JUnit4Provider.executeTestSet(JUnit4Provider.java:141)
	at org.apache.maven.surefire.junit4.JUnit4Provider.invoke(JUnit4Provider.java:112)
	at sun.reflect.NativeMethodAccessorImpl.invoke0(Native Method)
	at sun.reflect.NativeMethodAccessorImpl.invoke(NativeMethodAccessorImpl.java:62)
	at sun.reflect.DelegatingMethodAccessorImpl.invoke(DelegatingMethodAccessorImpl.java:43)
	at java.lang.reflect.Method.invoke(Method.java:497)
	at org.apache.maven.surefire.util.ReflectionUtils.invokeMethodWithArray(ReflectionUtils.java:189)
	at org.apache.maven.surefire.booter.ProviderFactory$ProviderProxy.invoke(ProviderFactory.java:165)
	at org.apache.maven.surefire.booter.ProviderFactory.invokeProvider(ProviderFactory.java:85)
	at org.apache.maven.surefire.booter.ForkedBooter.runSuitesInProcess(ForkedBooter.java:115)
	at org.apache.maven.surefire.booter.ForkedBooter.main(ForkedBooter.java:75)
</error>
    <system-out>16:36:43.913 [main] DEBUG o.h.e.t.internal.TransactionImpl - begin
16:36:43.916 [main] DEBUG org.hibernate.SQL - 
    select
        persondoma0_.PerID as PerID1_0_,
        persondoma0_.firstName as firstName2_0_,
        persondoma0_.lastName as lastName3_0_,
        persondoma0_.street as street4_0_,
        persondoma0_.postalCode as postalCode5_0_,
        persondoma0_.city as city6_0_,
        persondoma0_.birthday as birthday7_0_ 
    from
        CISC181.per persondoma0_ 
    where
        PersonId=?
Hibernate: 
    select
        persondoma0_.PerID as PerID1_0_,
        persondoma0_.firstName as firstName2_0_,
        persondoma0_.lastName as lastName3_0_,
        persondoma0_.street as street4_0_,
        persondoma0_.postalCode as postalCode5_0_,
        persondoma0_.city as city6_0_,
        persondoma0_.birthday as birthday7_0_ 
    from
        CISC181.per persondoma0_ 
    where
        PersonId=?
16:36:43.938 [main] DEBUG o.h.e.t.internal.TransactionImpl - begin
16:36:43.938 [main] DEBUG org.hibernate.SQL - 
    select
        persondoma0_.PerID as PerID1_0_0_,
        persondoma0_.firstName as firstName2_0_0_,
        persondoma0_.lastName as lastName3_0_0_,
        persondoma0_.street as street4_0_0_,
        persondoma0_.postalCode as postalCode5_0_0_,
        persondoma0_.city as city6_0_0_,
        persondoma0_.birthday as birthday7_0_0_ 
    from
        CISC181.per persondoma0_ 
    where
        persondoma0_.PerID=?
Hibernate: 
    select
        persondoma0_.PerID as PerID1_0_0_,
        persondoma0_.firstName as firstName2_0_0_,
        persondoma0_.lastName as lastName3_0_0_,
        persondoma0_.street as street4_0_0_,
        persondoma0_.postalCode as postalCode5_0_0_,
        persondoma0_.city as city6_0_0_,
        persondoma0_.birthday as birthday7_0_0_ 
    from
        CISC181.per persondoma0_ 
    where
        persondoma0_.PerID=?
16:36:43.959 [main] DEBUG o.h.r.j.i.ResourceRegistryStandardImpl - HHH000387: ResultSet&apos;s statement was not registered
16:36:43.960 [main] DEBUG o.h.l.e.p.AbstractLoadPlanBasedEntityLoader - Done entity load : domain.PersonDomainModel#3dfebc30-ce2f-4d17-b924-ad7ab15fe277
</system-out>
  </testcase>
  <testcase classname="base.Person_Test" name="UpdatePersonTest" time="0.019">
    <error message="attempt to create delete event with null entity" type="java.lang.IllegalArgumentException">java.lang.IllegalArgumentException: attempt to create delete event with null entity
	at org.hibernate.event.spi.DeleteEvent.&lt;init&gt;(DeleteEvent.java:31)
	at org.hibernate.internal.SessionImpl.delete(SessionImpl.java:859)
	at base.PersonDAL.deletePerson(PersonDAL.java:99)
	at base.Person_Test.tearDown(Person_Test.java:51)
	at sun.reflect.NativeMethodAccessorImpl.invoke0(Native Method)
	at sun.reflect.NativeMethodAccessorImpl.invoke(NativeMethodAccessorImpl.java:62)
	at sun.reflect.DelegatingMethodAccessorImpl.invoke(DelegatingMethodAccessorImpl.java:43)
	at java.lang.reflect.Method.invoke(Method.java:497)
	at org.junit.runners.model.FrameworkMethod$1.runReflectiveCall(FrameworkMethod.java:47)
	at org.junit.internal.runners.model.ReflectiveCallable.run(ReflectiveCallable.java:12)
	at org.junit.runners.model.FrameworkMethod.invokeExplosively(FrameworkMethod.java:44)
	at org.junit.internal.runners.statements.RunAfters.evaluate(RunAfters.java:33)
	at org.junit.runners.ParentRunner.runLeaf(ParentRunner.java:271)
	at org.junit.runners.BlockJUnit4ClassRunner.runChild(BlockJUnit4ClassRunner.java:70)
	at org.junit.runners.BlockJUnit4ClassRunner.runChild(BlockJUnit4ClassRunner.java:50)
	at org.junit.runners.ParentRunner$3.run(ParentRunner.java:238)
	at org.junit.runners.ParentRunner$1.schedule(ParentRunner.java:63)
	at org.junit.runners.ParentRunner.runChildren(ParentRunner.java:236)
	at org.junit.runners.ParentRunner.access$000(ParentRunner.java:53)
	at org.junit.runners.ParentRunner$2.evaluate(ParentRunner.java:229)
	at org.junit.internal.runners.statements.RunBefores.evaluate(RunBefores.java:26)
	at org.junit.internal.runners.statements.RunAfters.evaluate(RunAfters.java:27)
	at org.junit.runners.ParentRunner.run(ParentRunner.java:309)
	at org.apache.maven.surefire.junit4.JUnit4Provider.execute(JUnit4Provider.java:252)
	at org.apache.maven.surefire.junit4.JUnit4Provider.executeTestSet(JUnit4Provider.java:141)
	at org.apache.maven.surefire.junit4.JUnit4Provider.invoke(JUnit4Provider.java:112)
	at sun.reflect.NativeMethodAccessorImpl.invoke0(Native Method)
	at sun.reflect.NativeMethodAccessorImpl.invoke(NativeMethodAccessorImpl.java:62)
	at sun.reflect.DelegatingMethodAccessorImpl.invoke(DelegatingMethodAccessorImpl.java:43)
	at java.lang.reflect.Method.invoke(Method.java:497)
	at org.apache.maven.surefire.util.ReflectionUtils.invokeMethodWithArray(ReflectionUtils.java:189)
	at org.apache.maven.surefire.booter.ProviderFactory$ProviderProxy.invoke(ProviderFactory.java:165)
	at org.apache.maven.surefire.booter.ProviderFactory.invokeProvider(ProviderFactory.java:85)
	at org.apache.maven.surefire.booter.ForkedBooter.runSuitesInProcess(ForkedBooter.java:115)
	at org.apache.maven.surefire.booter.ForkedBooter.main(ForkedBooter.java:75)
</error>
  </testcase>
  <testcase classname="base.Person_Test" name="AddPersonTest" time="0.042">
    <error message="Index: 0, Size: 0" type="java.lang.IndexOutOfBoundsException">java.lang.IndexOutOfBoundsException: Index: 0, Size: 0
	at java.util.ArrayList.rangeCheck(ArrayList.java:653)
	at java.util.ArrayList.get(ArrayList.java:429)
	at base.PersonDAL.getPer(PersonDAL.java:77)
	at base.Person_Test.AddPersonTest(Person_Test.java:59)
	at sun.reflect.NativeMethodAccessorImpl.invoke0(Native Method)
	at sun.reflect.NativeMethodAccessorImpl.invoke(NativeMethodAccessorImpl.java:62)
	at sun.reflect.DelegatingMethodAccessorImpl.invoke(DelegatingMethodAccessorImpl.java:43)
	at java.lang.reflect.Method.invoke(Method.java:497)
	at org.junit.runners.model.FrameworkMethod$1.runReflectiveCall(FrameworkMethod.java:47)
	at org.junit.internal.runners.model.ReflectiveCallable.run(ReflectiveCallable.java:12)
	at org.junit.runners.model.FrameworkMethod.invokeExplosively(FrameworkMethod.java:44)
	at org.junit.internal.runners.statements.InvokeMethod.evaluate(InvokeMethod.java:17)
	at org.junit.internal.runners.statements.RunBefores.evaluate(RunBefores.java:26)
	at org.junit.internal.runners.statements.RunAfters.evaluate(RunAfters.java:27)
	at org.junit.runners.ParentRunner.runLeaf(ParentRunner.java:271)
	at org.junit.runners.BlockJUnit4ClassRunner.runChild(BlockJUnit4ClassRunner.java:70)
	at org.junit.runners.BlockJUnit4ClassRunner.runChild(BlockJUnit4ClassRunner.java:50)
	at org.junit.runners.ParentRunner$3.run(ParentRunner.java:238)
	at org.junit.runners.ParentRunner$1.schedule(ParentRunner.java:63)
	at org.junit.runners.ParentRunner.runChildren(ParentRunner.java:236)
	at org.junit.runners.ParentRunner.access$000(ParentRunner.java:53)
	at org.junit.runners.ParentRunner$2.evaluate(ParentRunner.java:229)
	at org.junit.internal.runners.statements.RunBefores.evaluate(RunBefores.java:26)
	at org.junit.internal.runners.statements.RunAfters.evaluate(RunAfters.java:27)
	at org.junit.runners.ParentRunner.run(ParentRunner.java:309)
	at org.apache.maven.surefire.junit4.JUnit4Provider.execute(JUnit4Provider.java:252)
	at org.apache.maven.surefire.junit4.JUnit4Provider.executeTestSet(JUnit4Provider.java:141)
	at org.apache.maven.surefire.junit4.JUnit4Provider.invoke(JUnit4Provider.java:112)
	at sun.reflect.NativeMethodAccessorImpl.invoke0(Native Method)
	at sun.reflect.NativeMethodAccessorImpl.invoke(NativeMethodAccessorImpl.java:62)
	at sun.reflect.DelegatingMethodAccessorImpl.invoke(DelegatingMethodAccessorImpl.java:43)
	at java.lang.reflect.Method.invoke(Method.java:497)
	at org.apache.maven.surefire.util.ReflectionUtils.invokeMethodWithArray(ReflectionUtils.java:189)
	at org.apache.maven.surefire.booter.ProviderFactory$ProviderProxy.invoke(ProviderFactory.java:165)
	at org.apache.maven.surefire.booter.ProviderFactory.invokeProvider(ProviderFactory.java:85)
	at org.apache.maven.surefire.booter.ForkedBooter.runSuitesInProcess(ForkedBooter.java:115)
	at org.apache.maven.surefire.booter.ForkedBooter.main(ForkedBooter.java:75)
</error>
    <system-out>16:36:43.962 [main] DEBUG o.h.e.t.internal.TransactionImpl - begin
16:36:43.963 [main] DEBUG org.hibernate.SQL - 
    select
        persondoma0_.PerID as PerID1_0_,
        persondoma0_.firstName as firstName2_0_,
        persondoma0_.lastName as lastName3_0_,
        persondoma0_.street as street4_0_,
        persondoma0_.postalCode as postalCode5_0_,
        persondoma0_.city as city6_0_,
        persondoma0_.birthday as birthday7_0_ 
    from
        CISC181.per persondoma0_ 
    where
        PersonId=?
Hibernate: 
    select
        persondoma0_.PerID as PerID1_0_,
        persondoma0_.firstName as firstName2_0_,
        persondoma0_.lastName as lastName3_0_,
        persondoma0_.street as street4_0_,
        persondoma0_.postalCode as postalCode5_0_,
        persondoma0_.city as city6_0_,
        persondoma0_.birthday as birthday7_0_ 
    from
        CISC181.per persondoma0_ 
    where
        PersonId=?
16:36:43.982 [main] DEBUG o.h.e.t.internal.TransactionImpl - begin
16:36:43.983 [main] DEBUG org.hibernate.SQL - 
    select
        persondoma0_.PerID as PerID1_0_0_,
        persondoma0_.firstName as firstName2_0_0_,
        persondoma0_.lastName as lastName3_0_0_,
        persondoma0_.street as street4_0_0_,
        persondoma0_.postalCode as postalCode5_0_0_,
        persondoma0_.city as city6_0_0_,
        persondoma0_.birthday as birthday7_0_0_ 
    from
        CISC181.per persondoma0_ 
    where
        persondoma0_.PerID=?
Hibernate: 
    select
        persondoma0_.PerID as PerID1_0_0_,
        persondoma0_.firstName as firstName2_0_0_,
        persondoma0_.lastName as lastName3_0_0_,
        persondoma0_.street as street4_0_0_,
        persondoma0_.postalCode as postalCode5_0_0_,
        persondoma0_.city as city6_0_0_,
        persondoma0_.birthday as birthday7_0_0_ 
    from
        CISC181.per persondoma0_ 
    where
        persondoma0_.PerID=?
16:36:44.005 [main] DEBUG o.h.r.j.i.ResourceRegistryStandardImpl - HHH000387: ResultSet&apos;s statement was not registered
16:36:44.005 [main] DEBUG o.h.l.e.p.AbstractLoadPlanBasedEntityLoader - Done entity load : domain.PersonDomainModel#3dfebc30-ce2f-4d17-b924-ad7ab15fe277
</system-out>
  </testcase>
  <testcase classname="base.Person_Test" name="AddPersonTest" time="0.043">
    <error message="attempt to create delete event with null entity" type="java.lang.IllegalArgumentException">java.lang.IllegalArgumentException: attempt to create delete event with null entity
	at org.hibernate.event.spi.DeleteEvent.&lt;init&gt;(DeleteEvent.java:31)
	at org.hibernate.internal.SessionImpl.delete(SessionImpl.java:859)
	at base.PersonDAL.deletePerson(PersonDAL.java:99)
	at base.Person_Test.tearDown(Person_Test.java:51)
	at sun.reflect.NativeMethodAccessorImpl.invoke0(Native Method)
	at sun.reflect.NativeMethodAccessorImpl.invoke(NativeMethodAccessorImpl.java:62)
	at sun.reflect.DelegatingMethodAccessorImpl.invoke(DelegatingMethodAccessorImpl.java:43)
	at java.lang.reflect.Method.invoke(Method.java:497)
	at org.junit.runners.model.FrameworkMethod$1.runReflectiveCall(FrameworkMethod.java:47)
	at org.junit.internal.runners.model.ReflectiveCallable.run(ReflectiveCallable.java:12)
	at org.junit.runners.model.FrameworkMethod.invokeExplosively(FrameworkMethod.java:44)
	at org.junit.internal.runners.statements.RunAfters.evaluate(RunAfters.java:33)
	at org.junit.runners.ParentRunner.runLeaf(ParentRunner.java:271)
	at org.junit.runners.BlockJUnit4ClassRunner.runChild(BlockJUnit4ClassRunner.java:70)
	at org.junit.runners.BlockJUnit4ClassRunner.runChild(BlockJUnit4ClassRunner.java:50)
	at org.junit.runners.ParentRunner$3.run(ParentRunner.java:238)
	at org.junit.runners.ParentRunner$1.schedule(ParentRunner.java:63)
	at org.junit.runners.ParentRunner.runChildren(ParentRunner.java:236)
	at org.junit.runners.ParentRunner.access$000(ParentRunner.java:53)
	at org.junit.runners.ParentRunner$2.evaluate(ParentRunner.java:229)
	at org.junit.internal.runners.statements.RunBefores.evaluate(RunBefores.java:26)
	at org.junit.internal.runners.statements.RunAfters.evaluate(RunAfters.java:27)
	at org.junit.runners.ParentRunner.run(ParentRunner.java:309)
	at org.apache.maven.surefire.junit4.JUnit4Provider.execute(JUnit4Provider.java:252)
	at org.apache.maven.surefire.junit4.JUnit4Provider.executeTestSet(JUnit4Provider.java:141)
	at org.apache.maven.surefire.junit4.JUnit4Provider.invoke(JUnit4Provider.java:112)
	at sun.reflect.NativeMethodAccessorImpl.invoke0(Native Method)
	at sun.reflect.NativeMethodAccessorImpl.invoke(NativeMethodAccessorImpl.java:62)
	at sun.reflect.DelegatingMethodAccessorImpl.invoke(DelegatingMethodAccessorImpl.java:43)
	at java.lang.reflect.Method.invoke(Method.java:497)
	at org.apache.maven.surefire.util.ReflectionUtils.invokeMethodWithArray(ReflectionUtils.java:189)
	at org.apache.maven.surefire.booter.ProviderFactory$ProviderProxy.invoke(ProviderFactory.java:165)
	at org.apache.maven.surefire.booter.ProviderFactory.invokeProvider(ProviderFactory.java:85)
	at org.apache.maven.surefire.booter.ForkedBooter.runSuitesInProcess(ForkedBooter.java:115)
	at org.apache.maven.surefire.booter.ForkedBooter.main(ForkedBooter.java:75)
</error>
  </testcase>
</testsuite>